{"meta": {"format": 3, "version": "7.13.5", "timestamp": "2026-04-11T22:44:35.961507", "branch_coverage": false, "show_contexts": false}, "files": {"AI-Reasoning-Engine\\ai_security_analyzer\\app\\__init__.py": {"executed_lines": [], "summary": {"covered_lines": 0, "num_statements": 0, "percent_covered": 100.0, "percent_covered_display": "100", "missing_lines": 0, "excluded_lines": 0, "percent_statements_covered": 100.0, "percent_statements_covered_display": "100"}, "missing_lines": [], "excluded_lines": [], "functions": {"": {"executed_lines": [], "summary": {"covered_lines": 0, "num_statements": 0, "percent_covered": 100.0, "percent_covered_display": "100", "missing_lines": 0, "excluded_lines": 0, "percent_statements_covered": 100.0, "percent_statements_covered_display": "100"}, "missing_lines": [], "excluded_lines": [], "start_line": 1}}, "classes": {"": {"executed_lines": [], "summary": {"covered_lines": 0, "num_statements": 0, "percent_covered": 100.0, "percent_covered_display": "100", "missing_lines": 0, "excluded_lines": 0, "percent_statements_covered": 100.0, "percent_statements_covered_display": "100"}, "missing_lines": [], "excluded_lines": [], "start_line": 1}}}, "AI-Reasoning-Engine\\ai_security_analyzer\\app\\reasoning.py": {"executed_lines": [1, 2], "summary": {"covered_lines": 2, "num_statements": 8, "percent_covered": 25.0, "percent_covered_display": "25", "missing_lines": 6, "excluded_lines": 0, "percent_statements_covered": 25.0, "percent_statements_covered_display": "25"}, "missing_lines": [3, 4, 7, 8, 10, 41], "excluded_lines": [], "functions": {"generate_explanation": {"executed_lines": [], "summary": {"covered_lines": 0, "num_statements": 3, "percent_covered": 0.0, "percent_covered_display": "0", "missing_lines": 3, "excluded_lines": 0, "percent_statements_covered": 0.0, "percent_statements_covered_display": "0"}, "missing_lines": [8, 10, 41], "excluded_lines": [], "start_line": 7}, "": {"executed_lines": [1, 2], "summary": {"covered_lines": 2, "num_statements": 5, "percent_covered": 40.0, "percent_covered_display": "40", "missing_lines": 3, "excluded_lines": 0, "percent_statements_covered": 40.0, "percent_statements_covered_display": "40"}, "missing_lines": [3, 4, 7], "excluded_lines": [], "start_line": 1}}, "classes": {"": {"executed_lines": [1, 2], "summary": {"covered_lines": 2, "num_statements": 8, "percent_covered": 25.0, "percent_covered_display": "25", "missing_lines": 6, "excluded_lines": 0, "percent_statements_covered": 25.0, "percent_statements_covered_display": "25"}, "missing_lines": [3, 4, 7, 8, 10, 41], "excluded_lines": [], "start_line": 1}}}, "DEBUG_INSTRUCTIONS.py": {"executed_lines": [], "summary": {"covered_lines": 0, "num_statements": 5, "percent_covered": 0.0, "percent_covered_display": "0", "missing_lines": 5, "excluded_lines": 0, "percent_statements_covered": 0.0, "percent_statements_covered_display": "0"}, "missing_lines": [4, 98, 101, 102, 104], "excluded_lines": [], "functions": {"": {"executed_lines": [], "summary": {"covered_lines": 0, "num_statements": 5, "percent_covered": 0.0, "percent_covered_display": "0", "missing_lines": 5, "excluded_lines": 0, "percent_statements_covered": 0.0, "percent_statements_covered_display": "0"}, "missing_lines": [4, 98, 101, 102, 104], "excluded_lines": [], "start_line": 1}}, "classes": {"": {"executed_lines": [], "summary": {"covered_lines": 0, "num_statements": 5, "percent_covered": 0.0, "percent_covered_display": "0", "missing_lines": 5, "excluded_lines": 0, "percent_statements_covered": 0.0, "percent_statements_covered_display": "0"}, "missing_lines": [4, 98, 101, 102, 104], "excluded_lines": [], "start_line": 1}}}, "Evaluation\\__init__.py": {"executed_lines": [], "summary": {"covered_lines": 0, "num_statements": 2, "percent_covered": 0.0, "percent_covered_display": "0", "missing_lines": 2, "excluded_lines": 0, "percent_statements_covered": 0.0, "percent_statements_covered_display": "0"}, "missing_lines": [2, 3], "excluded_lines": [], "functions": {"": {"executed_lines": [], "summary": {"covered_lines": 0, "num_statements": 2, "percent_covered": 0.0, "percent_covered_display": "0", "missing_lines": 2, "excluded_lines": 0, "percent_statements_covered": 0.0, "percent_statements_covered_display": "0"}, "missing_lines": [2, 3], "excluded_lines": [], "start_line": 1}}, "classes": {"": {"executed_lines": [], "summary": {"covered_lines": 0, "num_statements": 2, "percent_covered": 0.0, "percent_covered_display": "0", "missing_lines": 2, "excluded_lines": 0, "percent_statements_covered": 0.0, "percent_statements_covered_display": "0"}, "missing_lines": [2, 3], "excluded_lines": [], "start_line": 1}}}, "Evaluation\\evaluate_models.py": {"executed_lines": [], "summary": {"covered_lines": 0, "num_statements": 192, "percent_covered": 0.0, "percent_covered_display": "0", "missing_lines": 192, "excluded_lines": 0, "percent_statements_covered": 0.0, "percent_statements_covered_display": "0"}, "missing_lines": [6, 7, 8, 9, 10, 12, 14, 15, 17, 18, 19, 20, 22, 24, 25, 26, 28, 29, 30, 31, 33, 35, 36, 37, 39, 40, 42, 43, 44, 46, 48, 57, 58, 60, 61, 62, 64, 65, 67, 76, 77, 78, 79, 81, 83, 85, 86, 87, 89, 91, 92, 93, 94, 95, 96, 97, 100, 101, 102, 103, 106, 111, 112, 114, 115, 116, 119, 120, 121, 122, 123, 124, 126, 128, 134, 135, 136, 138, 139, 140, 141, 142, 144, 145, 146, 151, 152, 155, 156, 157, 159, 160, 162, 164, 165, 166, 168, 169, 170, 172, 175, 176, 177, 179, 180, 181, 182, 184, 185, 186, 187, 190, 191, 192, 194, 195, 196, 198, 199, 200, 201, 202, 203, 204, 205, 206, 207, 209, 211, 212, 215, 216, 217, 219, 229, 230, 233, 234, 235, 236, 238, 240, 241, 242, 244, 245, 246, 247, 248, 249, 250, 251, 252, 253, 254, 256, 257, 259, 261, 263, 264, 266, 269, 270, 272, 273, 274, 281, 283, 284, 286, 288, 289, 291, 292, 294, 295, 297, 298, 300, 302, 303, 304, 306, 309, 312, 315, 318, 319, 321, 323, 324], "excluded_lines": [], "functions": {"AIModelEvaluator.__init__": {"executed_lines": [], "summary": {"covered_lines": 0, "num_statements": 2, "percent_covered": 0.0, "percent_covered_display": "0", "missing_lines": 2, "excluded_lines": 0, "percent_statements_covered": 0.0, "percent_statements_covered_display": "0"}, "missing_lines": [19, 20], "excluded_lines": [], "start_line": 18}, "AIModelEvaluator.evaluate_model": {"executed_lines": [], "summary": {"covered_lines": 0, "num_statements": 31, "percent_covered": 0.0, "percent_covered_display": "0", "missing_lines": 31, "excluded_lines": 0, "percent_statements_covered": 0.0, "percent_statements_covered_display": "0"}, "missing_lines": [24, 25, 26, 28, 29, 30, 31, 33, 35, 36, 37, 39, 40, 42, 43, 44, 46, 48, 57, 58, 60, 61, 62, 64, 65, 67, 76, 77, 78, 79, 81], "excluded_lines": [], "start_line": 22}, "AIModelEvaluator.evaluate_all_models": {"executed_lines": [], "summary": {"covered_lines": 0, "num_statements": 3, "percent_covered": 0.0, "percent_covered_display": "0", "missing_lines": 3, "excluded_lines": 0, "percent_statements_covered": 0.0, "percent_statements_covered_display": "0"}, "missing_lines": [85, 86, 87], "excluded_lines": [], "start_line": 83}, "AIModelEvaluator.generate_comparison_report": {"executed_lines": [], "summary": {"covered_lines": 0, "num_statements": 109, "percent_covered": 0.0, "percent_covered_display": "0", "missing_lines": 109, "excluded_lines": 0, "percent_statements_covered": 0.0, "percent_statements_covered_display": "0"}, "missing_lines": [91, 92, 93, 94, 95, 96, 97, 100, 101, 102, 103, 106, 111, 112, 114, 115, 116, 119, 120, 121, 122, 123, 124, 126, 128, 134, 135, 136, 138, 139, 140, 141, 142, 144, 145, 146, 151, 152, 155, 156, 157, 159, 160, 162, 164, 165, 166, 168, 169, 170, 172, 175, 176, 177, 179, 180, 181, 182, 184, 185, 186, 187, 190, 191, 192, 194, 195, 196, 198, 199, 200, 201, 202, 203, 204, 205, 206, 207, 209, 211, 212, 215, 216, 217, 219, 229, 230, 233, 234, 235, 236, 238, 240, 241, 242, 244, 245, 246, 247, 248, 249, 250, 251, 252, 253, 254, 256, 257, 259], "excluded_lines": [], "start_line": 89}, "AIModelEvaluator.save_detailed_results": {"executed_lines": [], "summary": {"covered_lines": 0, "num_statements": 11, "percent_covered": 0.0, "percent_covered_display": "0", "missing_lines": 11, "excluded_lines": 0, "percent_statements_covered": 0.0, "percent_statements_covered_display": "0"}, "missing_lines": [263, 264, 266, 269, 270, 272, 273, 274, 281, 283, 284], "excluded_lines": [], "start_line": 261}, "AIModelEvaluator.save_comparison_report": {"executed_lines": [], "summary": {"covered_lines": 0, "num_statements": 8, "percent_covered": 0.0, "percent_covered_display": "0", "missing_lines": 8, "excluded_lines": 0, "percent_statements_covered": 0.0, "percent_statements_covered_display": "0"}, "missing_lines": [288, 289, 291, 292, 294, 295, 297, 298], "excluded_lines": [], "start_line": 286}, "main": {"executed_lines": [], "summary": {"covered_lines": 0, "num_statements": 10, "percent_covered": 0.0, "percent_covered_display": "0", "missing_lines": 10, "excluded_lines": 0, "percent_statements_covered": 0.0, "percent_statements_covered_display": "0"}, "missing_lines": [302, 303, 304, 306, 309, 312, 315, 318, 319, 321], "excluded_lines": [], "start_line": 300}, "": {"executed_lines": [], "summary": {"covered_lines": 0, "num_statements": 18, "percent_covered": 0.0, "percent_covered_display": "0", "missing_lines": 18, "excluded_lines": 0, "percent_statements_covered": 0.0, "percent_statements_covered_display": "0"}, "missing_lines": [6, 7, 8, 9, 10, 12, 14, 15, 17, 18, 22, 83, 89, 261, 286, 300, 323, 324], "excluded_lines": [], "start_line": 1}}, "classes": {"AIModelEvaluator": {"executed_lines": [], "summary": {"covered_lines": 0, "num_statements": 164, "percent_covered": 0.0, "percent_covered_display": "0", "missing_lines": 164, "excluded_lines": 0, "percent_statements_covered": 0.0, "percent_statements_covered_display": "0"}, "missing_lines": [19, 20, 24, 25, 26, 28, 29, 30, 31, 33, 35, 36, 37, 39, 40, 42, 43, 44, 46, 48, 57, 58, 60, 61, 62, 64, 65, 67, 76, 77, 78, 79, 81, 85, 86, 87, 91, 92, 93, 94, 95, 96, 97, 100, 101, 102, 103, 106, 111, 112, 114, 115, 116, 119, 120, 121, 122, 123, 124, 126, 128, 134, 135, 136, 138, 139, 140, 141, 142, 144, 145, 146, 151, 152, 155, 156, 157, 159, 160, 162, 164, 165, 166, 168, 169, 170, 172, 175, 176, 177, 179, 180, 181, 182, 184, 185, 186, 187, 190, 191, 192, 194, 195, 196, 198, 199, 200, 201, 202, 203, 204, 205, 206, 207, 209, 211, 212, 215, 216, 217, 219, 229, 230, 233, 234, 235, 236, 238, 240, 241, 242, 244, 245, 246, 247, 248, 249, 250, 251, 252, 253, 254, 256, 257, 259, 263, 264, 266, 269, 270, 272, 273, 274, 281, 283, 284, 288, 289, 291, 292, 294, 295, 297, 298], "excluded_lines": [], "start_line": 17}, "": {"executed_lines": [], "summary": {"covered_lines": 0, "num_statements": 28, "percent_covered": 0.0, "percent_covered_display": "0", "missing_lines": 28, "excluded_lines": 0, "percent_statements_covered": 0.0, "percent_statements_covered_display": "0"}, "missing_lines": [6, 7, 8, 9, 10, 12, 14, 15, 17, 18, 22, 83, 89, 261, 286, 300, 302, 303, 304, 306, 309, 312, 315, 318, 319, 321, 323, 324], "excluded_lines": [], "start_line": 1}}}, "Evaluation\\evaluation_samples.py": {"executed_lines": [], "summary": {"covered_lines": 0, "num_statements": 21, "percent_covered": 0.0, "percent_covered_display": "0", "missing_lines": 21, "excluded_lines": 0, "percent_statements_covered": 0.0, "percent_statements_covered_display": "0"}, "missing_lines": [11, 24, 117, 130, 218, 231, 330, 337, 339, 340, 342, 343, 344, 346, 347, 348, 350, 353, 354, 355, 357], "excluded_lines": [], "functions": {"expand_samples_to_100": {"executed_lines": [], "summary": {"covered_lines": 0, "num_statements": 9, "percent_covered": 0.0, "percent_covered_display": "0", "missing_lines": 9, "excluded_lines": 0, "percent_statements_covered": 0.0, "percent_statements_covered_display": "0"}, "missing_lines": [339, 340, 342, 343, 344, 346, 347, 348, 350], "excluded_lines": [], "start_line": 337}, "": {"executed_lines": [], "summary": {"covered_lines": 0, "num_statements": 12, "percent_covered": 0.0, "percent_covered_display": "0", "missing_lines": 12, "excluded_lines": 0, "percent_statements_covered": 0.0, "percent_statements_covered_display": "0"}, "missing_lines": [11, 24, 117, 130, 218, 231, 330, 337, 353, 354, 355, 357], "excluded_lines": [], "start_line": 1}}, "classes": {"": {"executed_lines": [], "summary": {"covered_lines": 0, "num_statements": 21, "percent_covered": 0.0, "percent_covered_display": "0", "missing_lines": 21, "excluded_lines": 0, "percent_statements_covered": 0.0, "percent_statements_covered_display": "0"}, "missing_lines": [11, 24, 117, 130, 218, 231, 330, 337, 339, 340, 342, 343, 344, 346, 347, 348, 350, 353, 354, 355, 357], "excluded_lines": [], "start_line": 1}}}, "backend\\main.py": {"executed_lines": [1, 2, 3, 4, 5, 6, 9, 10, 13, 14, 15, 16, 17, 19, 20, 27, 28, 32, 33, 34, 36, 39, 47, 48, 50, 51, 52, 54, 55, 57, 58, 61, 62, 63, 65, 66, 69, 72, 83, 86, 88, 91, 102, 118, 119, 121, 122, 124, 125, 126, 129, 130, 133, 134, 135, 136, 137, 138, 139, 140, 143, 144, 146, 158, 159, 160, 164, 165, 168, 169, 174, 175, 176, 178, 179, 186, 187, 188, 193, 195, 198, 262, 263, 270, 274, 320, 321, 323, 324, 325, 326, 329, 330, 331, 332, 333, 334, 335, 337, 338, 339, 342, 343, 346, 395, 396, 397, 398, 399, 400, 402, 404, 407, 408, 409, 411, 412, 413, 415, 418, 419, 420, 422, 424, 427, 429, 430, 431, 432, 433, 436, 438, 439, 443, 445, 447, 448, 449, 450, 453, 455, 458], "summary": {"covered_lines": 142, "num_statements": 184, "percent_covered": 77.17391304347827, "percent_covered_display": "77", "missing_lines": 42, "excluded_lines": 0, "percent_statements_covered": 77.17391304347827, "percent_statements_covered_display": "77"}, "missing_lines": [29, 30, 31, 84, 161, 162, 199, 200, 203, 204, 205, 210, 211, 212, 213, 214, 215, 216, 219, 220, 222, 223, 226, 227, 228, 229, 230, 233, 234, 235, 236, 249, 251, 257, 258, 259, 260, 265, 266, 267, 440, 441], "excluded_lines": [], "functions": {"Vulnerability.__init__": {"executed_lines": [15, 16, 17], "summary": {"covered_lines": 3, "num_statements": 3, "percent_covered": 100.0, "percent_covered_display": "100", "missing_lines": 0, "excluded_lines": 0, "percent_statements_covered": 100.0, "percent_statements_covered_display": "100"}, "missing_lines": [], "excluded_lines": [], "start_line": 14}, "Vulnerability.to_dict": {"executed_lines": [20], "summary": {"covered_lines": 1, "num_statements": 1, "percent_covered": 100.0, "percent_covered_display": "100", "missing_lines": 0, "excluded_lines": 0, "percent_statements_covered": 100.0, "percent_statements_covered_display": "100"}, "missing_lines": [], "excluded_lines": [], "start_line": 19}, "analyze": {"executed_lines": [57, 58, 61, 62, 63, 65, 66, 69, 72, 83, 86, 88, 91, 102, 118, 119, 121, 122, 124, 125, 126, 129, 130, 133, 134, 135, 136, 137, 138, 139, 140, 143, 144, 146, 158, 159, 160, 164, 165], "summary": {"covered_lines": 39, "num_statements": 42, "percent_covered": 92.85714285714286, "percent_covered_display": "93", "missing_lines": 3, "excluded_lines": 0, "percent_statements_covered": 92.85714285714286, "percent_statements_covered_display": "93"}, "missing_lines": [84, 161, 162], "excluded_lines": [], "start_line": 55}, "analyze_with_ai": {"executed_lines": [174, 175, 176, 178, 179, 186, 187, 188, 193, 195, 198, 262, 263], "summary": {"covered_lines": 13, "num_statements": 47, "percent_covered": 27.659574468085108, "percent_covered_display": "28", "missing_lines": 34, "excluded_lines": 0, "percent_statements_covered": 27.659574468085108, "percent_statements_covered_display": "28"}, "missing_lines": [199, 200, 203, 204, 205, 210, 211, 212, 213, 214, 215, 216, 219, 220, 222, 223, 226, 227, 228, 229, 230, 233, 234, 235, 236, 249, 251, 257, 258, 259, 260, 265, 266, 267], "excluded_lines": [], "start_line": 169}, "generate_template_response": {"executed_lines": [274, 320, 321, 323, 324, 325, 326, 329, 330, 331, 332, 333, 334, 335, 337, 338, 339, 342, 343, 346, 395, 396, 397, 398, 399, 400, 402, 404, 407, 408, 409, 411, 412, 413, 415, 418, 419, 420, 422, 424, 427, 429, 430, 431, 432, 433, 436, 438, 439, 443, 445, 447, 448, 449, 450, 453, 455, 458], "summary": {"covered_lines": 58, "num_statements": 60, "percent_covered": 96.66666666666667, "percent_covered_display": "97", "missing_lines": 2, "excluded_lines": 0, "percent_statements_covered": 96.66666666666667, "percent_statements_covered_display": "97"}, "missing_lines": [440, 441], "excluded_lines": [], "start_line": 270}, "": {"executed_lines": [1, 2, 3, 4, 5, 6, 9, 10, 13, 14, 19, 27, 28, 32, 33, 34, 36, 39, 47, 48, 50, 51, 52, 54, 55, 168, 169, 270], "summary": {"covered_lines": 28, "num_statements": 31, "percent_covered": 90.3225806451613, "percent_covered_display": "90", "missing_lines": 3, "excluded_lines": 0, "percent_statements_covered": 90.3225806451613, "percent_statements_covered_display": "90"}, "missing_lines": [29, 30, 31], "excluded_lines": [], "start_line": 1}}, "classes": {"Vulnerability": {"executed_lines": [15, 16, 17, 20], "summary": {"covered_lines": 4, "num_statements": 4, "percent_covered": 100.0, "percent_covered_display": "100", "missing_lines": 0, "excluded_lines": 0, "percent_statements_covered": 100.0, "percent_statements_covered_display": "100"}, "missing_lines": [], "excluded_lines": [], "start_line": 13}, "CodeInput": {"executed_lines": [], "summary": {"covered_lines": 0, "num_statements": 0, "percent_covered": 100.0, "percent_covered_display": "100", "missing_lines": 0, "excluded_lines": 0, "percent_statements_covered": 100.0, "percent_statements_covered_display": "100"}, "missing_lines": [], "excluded_lines": [], "start_line": 47}, "AnalysisRequest": {"executed_lines": [], "summary": {"covered_lines": 0, "num_statements": 0, "percent_covered": 100.0, "percent_covered_display": "100", "missing_lines": 0, "excluded_lines": 0, "percent_statements_covered": 100.0, "percent_statements_covered_display": "100"}, "missing_lines": [], "excluded_lines": [], "start_line": 50}, "": {"executed_lines": [1, 2, 3, 4, 5, 6, 9, 10, 13, 14, 19, 27, 28, 32, 33, 34, 36, 39, 47, 48, 50, 51, 52, 54, 55, 57, 58, 61, 62, 63, 65, 66, 69, 72, 83, 86, 88, 91, 102, 118, 119, 121, 122, 124, 125, 126, 129, 130, 133, 134, 135, 136, 137, 138, 139, 140, 143, 144, 146, 158, 159, 160, 164, 165, 168, 169, 174, 175, 176, 178, 179, 186, 187, 188, 193, 195, 198, 262, 263, 270, 274, 320, 321, 323, 324, 325, 326, 329, 330, 331, 332, 333, 334, 335, 337, 338, 339, 342, 343, 346, 395, 396, 397, 398, 399, 400, 402, 404, 407, 408, 409, 411, 412, 413, 415, 418, 419, 420, 422, 424, 427, 429, 430, 431, 432, 433, 436, 438, 439, 443, 445, 447, 448, 449, 450, 453, 455, 458], "summary": {"covered_lines": 138, "num_statements": 180, "percent_covered": 76.66666666666667, "percent_covered_display": "77", "missing_lines": 42, "excluded_lines": 0, "percent_statements_covered": 76.66666666666667, "percent_statements_covered_display": "77"}, "missing_lines": [29, 30, 31, 84, 161, 162, 199, 200, 203, 204, 205, 210, 211, 212, 213, 214, 215, 216, 219, 220, 222, 223, 226, 227, 228, 229, 230, 233, 234, 235, 236, 249, 251, 257, 258, 259, 260, 265, 266, 267, 440, 441], "excluded_lines": [], "start_line": 1}}}, "check_line_numbers.py": {"executed_lines": [], "summary": {"covered_lines": 0, "num_statements": 12, "percent_covered": 0.0, "percent_covered_display": "0", "missing_lines": 12, "excluded_lines": 0, "percent_statements_covered": 0.0, "percent_statements_covered_display": "0"}, "missing_lines": [3, 4, 5, 7, 12, 13, 16, 19, 20, 21, 24, 25], "excluded_lines": [], "functions": {"": {"executed_lines": [], "summary": {"covered_lines": 0, "num_statements": 12, "percent_covered": 0.0, "percent_covered_display": "0", "missing_lines": 12, "excluded_lines": 0, "percent_statements_covered": 0.0, "percent_statements_covered_display": "0"}, "missing_lines": [3, 4, 5, 7, 12, 13, 16, 19, 20, 21, 24, 25], "excluded_lines": [], "start_line": 1}}, "classes": {"": {"executed_lines": [], "summary": {"covered_lines": 0, "num_statements": 12, "percent_covered": 0.0, "percent_covered_display": "0", "missing_lines": 12, "excluded_lines": 0, "percent_statements_covered": 0.0, "percent_statements_covered_display": "0"}, "missing_lines": [3, 4, 5, 7, 12, 13, 16, 19, 20, 21, 24, 25], "excluded_lines": [], "start_line": 1}}}, "comprehensive_test.py": {"executed_lines": [], "summary": {"covered_lines": 0, "num_statements": 49, "percent_covered": 0.0, "percent_covered_display": "0", "missing_lines": 49, "excluded_lines": 0, "percent_statements_covered": 0.0, "percent_statements_covered_display": "0"}, "missing_lines": [8, 9, 11, 12, 13, 16, 43, 44, 45, 48, 49, 51, 52, 53, 55, 56, 57, 58, 60, 61, 62, 65, 66, 69, 70, 71, 73, 74, 76, 77, 78, 80, 81, 82, 85, 86, 87, 88, 89, 90, 92, 93, 94, 95, 96, 97, 98, 99, 100], "excluded_lines": [], "functions": {"": {"executed_lines": [], "summary": {"covered_lines": 0, "num_statements": 49, "percent_covered": 0.0, "percent_covered_display": "0", "missing_lines": 49, "excluded_lines": 0, "percent_statements_covered": 0.0, "percent_statements_covered_display": "0"}, "missing_lines": [8, 9, 11, 12, 13, 16, 43, 44, 45, 48, 49, 51, 52, 53, 55, 56, 57, 58, 60, 61, 62, 65, 66, 69, 70, 71, 73, 74, 76, 77, 78, 80, 81, 82, 85, 86, 87, 88, 89, 90, 92, 93, 94, 95, 96, 97, 98, 99, 100], "excluded_lines": [], "start_line": 1}}, "classes": {"": {"executed_lines": [], "summary": {"covered_lines": 0, "num_statements": 49, "percent_covered": 0.0, "percent_covered_display": "0", "missing_lines": 49, "excluded_lines": 0, "percent_statements_covered": 0.0, "percent_statements_covered_display": "0"}, "missing_lines": [8, 9, 11, 12, 13, 16, 43, 44, 45, 48, 49, 51, 52, 53, 55, 56, 57, 58, 60, 61, 62, 65, 66, 69, 70, 71, 73, 74, 76, 77, 78, 80, 81, 82, 85, 86, 87, 88, 89, 90, 92, 93, 94, 95, 96, 97, 98, 99, 100], "excluded_lines": [], "start_line": 1}}}, "count_vulns.py": {"executed_lines": [], "summary": {"covered_lines": 0, "num_statements": 19, "percent_covered": 0.0, "percent_covered_display": "0", "missing_lines": 19, "excluded_lines": 0, "percent_statements_covered": 0.0, "percent_statements_covered_display": "0"}, "missing_lines": [3, 4, 6, 7, 8, 10, 11, 12, 13, 14, 16, 17, 18, 19, 20, 21, 23, 24, 25], "excluded_lines": [], "functions": {"": {"executed_lines": [], "summary": {"covered_lines": 0, "num_statements": 19, "percent_covered": 0.0, "percent_covered_display": "0", "missing_lines": 19, "excluded_lines": 0, "percent_statements_covered": 0.0, "percent_statements_covered_display": "0"}, "missing_lines": [3, 4, 6, 7, 8, 10, 11, 12, 13, 14, 16, 17, 18, 19, 20, 21, 23, 24, 25], "excluded_lines": [], "start_line": 1}}, "classes": {"": {"executed_lines": [], "summary": {"covered_lines": 0, "num_statements": 19, "percent_covered": 0.0, "percent_covered_display": "0", "missing_lines": 19, "excluded_lines": 0, "percent_statements_covered": 0.0, "percent_statements_covered_display": "0"}, "missing_lines": [3, 4, 6, 7, 8, 10, 11, 12, 13, 14, 16, 17, 18, 19, 20, 21, 23, 24, 25], "excluded_lines": [], "start_line": 1}}}, "debug_backend_response.py": {"executed_lines": [], "summary": {"covered_lines": 0, "num_statements": 31, "percent_covered": 0.0, "percent_covered_display": "0", "missing_lines": 31, "excluded_lines": 0, "percent_statements_covered": 0.0, "percent_statements_covered_display": "0"}, "missing_lines": [3, 4, 6, 10, 11, 12, 15, 16, 17, 18, 19, 21, 22, 23, 24, 26, 28, 30, 31, 33, 34, 36, 37, 38, 39, 41, 42, 44, 45, 46, 47], "excluded_lines": [], "functions": {"": {"executed_lines": [], "summary": {"covered_lines": 0, "num_statements": 31, "percent_covered": 0.0, "percent_covered_display": "0", "missing_lines": 31, "excluded_lines": 0, "percent_statements_covered": 0.0, "percent_statements_covered_display": "0"}, "missing_lines": [3, 4, 6, 10, 11, 12, 15, 16, 17, 18, 19, 21, 22, 23, 24, 26, 28, 30, 31, 33, 34, 36, 37, 38, 39, 41, 42, 44, 45, 46, 47], "excluded_lines": [], "start_line": 1}}, "classes": {"": {"executed_lines": [], "summary": {"covered_lines": 0, "num_statements": 31, "percent_covered": 0.0, "percent_covered_display": "0", "missing_lines": 31, "excluded_lines": 0, "percent_statements_covered": 0.0, "percent_statements_covered_display": "0"}, "missing_lines": [3, 4, 6, 10, 11, 12, 15, 16, 17, 18, 19, 21, 22, 23, 24, 26, 28, 30, 31, 33, 34, 36, 37, 38, 39, 41, 42, 44, 45, 46, 47], "excluded_lines": [], "start_line": 1}}}, "debug_credentials.py": {"executed_lines": [], "summary": {"covered_lines": 0, "num_statements": 14, "percent_covered": 0.0, "percent_covered_display": "0", "missing_lines": 14, "excluded_lines": 0, "percent_statements_covered": 0.0, "percent_statements_covered_display": "0"}, "missing_lines": [3, 4, 6, 7, 9, 10, 12, 13, 14, 15, 16, 17, 19, 20], "excluded_lines": [], "functions": {"": {"executed_lines": [], "summary": {"covered_lines": 0, "num_statements": 14, "percent_covered": 0.0, "percent_covered_display": "0", "missing_lines": 14, "excluded_lines": 0, "percent_statements_covered": 0.0, "percent_statements_covered_display": "0"}, "missing_lines": [3, 4, 6, 7, 9, 10, 12, 13, 14, 15, 16, 17, 19, 20], "excluded_lines": [], "start_line": 1}}, "classes": {"": {"executed_lines": [], "summary": {"covered_lines": 0, "num_statements": 14, "percent_covered": 0.0, "percent_covered_display": "0", "missing_lines": 14, "excluded_lines": 0, "percent_statements_covered": 0.0, "percent_statements_covered_display": "0"}, "missing_lines": [3, 4, 6, 7, 9, 10, 12, 13, 14, 15, 16, 17, 19, 20], "excluded_lines": [], "start_line": 1}}}, "debug_detection.py": {"executed_lines": [], "summary": {"covered_lines": 0, "num_statements": 23, "percent_covered": 0.0, "percent_covered_display": "0", "missing_lines": 23, "excluded_lines": 0, "percent_statements_covered": 0.0, "percent_statements_covered_display": "0"}, "missing_lines": [3, 4, 6, 8, 9, 11, 12, 13, 14, 15, 16, 17, 20, 21, 22, 23, 24, 25, 26, 28, 30, 32, 33], "excluded_lines": [], "functions": {"": {"executed_lines": [], "summary": {"covered_lines": 0, "num_statements": 23, "percent_covered": 0.0, "percent_covered_display": "0", "missing_lines": 23, "excluded_lines": 0, "percent_statements_covered": 0.0, "percent_statements_covered_display": "0"}, "missing_lines": [3, 4, 6, 8, 9, 11, 12, 13, 14, 15, 16, 17, 20, 21, 22, 23, 24, 25, 26, 28, 30, 32, 33], "excluded_lines": [], "start_line": 1}}, "classes": {"": {"executed_lines": [], "summary": {"covered_lines": 0, "num_statements": 23, "percent_covered": 0.0, "percent_covered_display": "0", "missing_lines": 23, "excluded_lines": 0, "percent_statements_covered": 0.0, "percent_statements_covered_display": "0"}, "missing_lines": [3, 4, 6, 8, 9, 11, 12, 13, 14, 15, 16, 17, 20, 21, 22, 23, 24, 25, 26, 28, 30, 32, 33], "excluded_lines": [], "start_line": 1}}}, "debug_line_numbers.py": {"executed_lines": [], "summary": {"covered_lines": 0, "num_statements": 17, "percent_covered": 0.0, "percent_covered_display": "0", "missing_lines": 17, "excluded_lines": 0, "percent_statements_covered": 0.0, "percent_statements_covered_display": "0"}, "missing_lines": [3, 4, 6, 10, 11, 14, 15, 16, 17, 18, 19, 20, 22, 25, 26, 28, 29], "excluded_lines": [], "functions": {"": {"executed_lines": [], "summary": {"covered_lines": 0, "num_statements": 17, "percent_covered": 0.0, "percent_covered_display": "0", "missing_lines": 17, "excluded_lines": 0, "percent_statements_covered": 0.0, "percent_statements_covered_display": "0"}, "missing_lines": [3, 4, 6, 10, 11, 14, 15, 16, 17, 18, 19, 20, 22, 25, 26, 28, 29], "excluded_lines": [], "start_line": 1}}, "classes": {"": {"executed_lines": [], "summary": {"covered_lines": 0, "num_statements": 17, "percent_covered": 0.0, "percent_covered_display": "0", "missing_lines": 17, "excluded_lines": 0, "percent_statements_covered": 0.0, "percent_statements_covered_display": "0"}, "missing_lines": [3, 4, 6, 10, 11, 14, 15, 16, 17, 18, 19, 20, 22, 25, 26, 28, 29], "excluded_lines": [], "start_line": 1}}}, "detect.py": {"executed_lines": [2, 3, 5, 6, 9, 17, 19, 20, 21, 22, 23, 25, 26, 27, 28, 29, 30, 31, 32, 33, 34, 35, 36, 37, 42, 44, 45, 46, 47, 48, 50, 51, 52, 53, 54, 55, 57, 58, 59, 60, 61, 63, 65, 66, 67, 68, 69, 72, 73, 74, 75, 76, 77, 78, 79, 80, 81, 83, 85, 98, 118, 119, 120, 134, 136, 137, 138, 147, 149, 150, 151, 152, 153, 154, 155, 157, 158, 159, 160, 169, 172, 193, 194, 195, 196, 197, 198, 199, 200, 201, 203, 208, 256], "summary": {"covered_lines": 93, "num_statements": 184, "percent_covered": 50.54347826086956, "percent_covered_display": "51", "missing_lines": 91, "excluded_lines": 0, "percent_statements_covered": 50.54347826086956, "percent_statements_covered_display": "51"}, "missing_lines": [38, 39, 41, 86, 87, 88, 89, 90, 91, 92, 93, 94, 96, 99, 100, 101, 102, 103, 104, 105, 106, 115, 121, 122, 123, 124, 125, 126, 127, 128, 129, 130, 131, 132, 133, 139, 140, 141, 142, 156, 173, 174, 175, 176, 177, 178, 179, 180, 181, 183, 184, 185, 186, 187, 188, 189, 190, 204, 205, 209, 210, 211, 212, 213, 215, 217, 218, 220, 221, 222, 224, 225, 226, 227, 228, 229, 232, 233, 236, 237, 238, 239, 240, 241, 242, 248, 250, 252, 253, 254, 257], "excluded_lines": [], "functions": {"TaintVisitor.__init__": {"executed_lines": [21, 22, 23], "summary": {"covered_lines": 3, "num_statements": 3, "percent_covered": 100.0, "percent_covered_display": "100", "missing_lines": 0, "excluded_lines": 0, "percent_statements_covered": 100.0, "percent_statements_covered_display": "100"}, "missing_lines": [], "excluded_lines": [], "start_line": 20}, "TaintVisitor._is_source": {"executed_lines": [26, 27, 28, 29, 30, 31, 32, 33, 34, 35, 36, 37, 42], "summary": {"covered_lines": 13, "num_statements": 16, "percent_covered": 81.25, "percent_covered_display": "81", "missing_lines": 3, "excluded_lines": 0, "percent_statements_covered": 81.25, "percent_statements_covered_display": "81"}, "missing_lines": [38, 39, 41], "excluded_lines": [], "start_line": 25}, "TaintVisitor._expr_uses_tainted": {"executed_lines": [45, 46, 47, 48], "summary": {"covered_lines": 4, "num_statements": 4, "percent_covered": 100.0, "percent_covered_display": "100", "missing_lines": 0, "excluded_lines": 0, "percent_statements_covered": 100.0, "percent_statements_covered_display": "100"}, "missing_lines": [], "excluded_lines": [], "start_line": 44}, "TaintVisitor.visit_Assign": {"executed_lines": [51, 52, 53, 54, 55], "summary": {"covered_lines": 5, "num_statements": 5, "percent_covered": 100.0, "percent_covered_display": "100", "missing_lines": 0, "excluded_lines": 0, "percent_statements_covered": 100.0, "percent_statements_covered_display": "100"}, "missing_lines": [], "excluded_lines": [], "start_line": 50}, "TaintVisitor.visit_AnnAssign": {"executed_lines": [58, 59, 60, 61], "summary": {"covered_lines": 4, "num_statements": 4, "percent_covered": 100.0, "percent_covered_display": "100", "missing_lines": 0, "excluded_lines": 0, "percent_statements_covered": 100.0, "percent_statements_covered_display": "100"}, "missing_lines": [], "excluded_lines": [], "start_line": 57}, "TaintVisitor.visit_Call": {"executed_lines": [65, 66, 67, 68, 69, 72, 73, 74, 75, 76, 77, 78, 79, 80, 81, 83], "summary": {"covered_lines": 16, "num_statements": 16, "percent_covered": 100.0, "percent_covered_display": "100", "missing_lines": 0, "excluded_lines": 0, "percent_statements_covered": 100.0, "percent_statements_covered_display": "100"}, "missing_lines": [], "excluded_lines": [], "start_line": 63}, "TaintVisitor.visit_Return": {"executed_lines": [], "summary": {"covered_lines": 0, "num_statements": 10, "percent_covered": 0.0, "percent_covered_display": "0", "missing_lines": 10, "excluded_lines": 0, "percent_statements_covered": 0.0, "percent_statements_covered_display": "0"}, "missing_lines": [86, 87, 88, 89, 90, 91, 92, 93, 94, 96], "excluded_lines": [], "start_line": 85}, "taint_scan_file": {"executed_lines": [], "summary": {"covered_lines": 0, "num_statements": 9, "percent_covered": 0.0, "percent_covered_display": "0", "missing_lines": 9, "excluded_lines": 0, "percent_statements_covered": 0.0, "percent_statements_covered_display": "0"}, "missing_lines": [99, 100, 101, 102, 103, 104, 105, 106, 115], "excluded_lines": [], "start_line": 98}, "load_rules": {"executed_lines": [119, 120, 134], "summary": {"covered_lines": 3, "num_statements": 16, "percent_covered": 18.75, "percent_covered_display": "19", "missing_lines": 13, "excluded_lines": 0, "percent_statements_covered": 18.75, "percent_statements_covered_display": "19"}, "missing_lines": [121, 122, 123, 124, 125, 126, 127, 128, 129, 130, 131, 132, 133], "excluded_lines": [], "start_line": 118}, "scan_line": {"executed_lines": [137, 138, 147], "summary": {"covered_lines": 3, "num_statements": 7, "percent_covered": 42.857142857142854, "percent_covered_display": "43", "missing_lines": 4, "excluded_lines": 0, "percent_statements_covered": 42.857142857142854, "percent_statements_covered_display": "43"}, "missing_lines": [139, 140, 141, 142], "excluded_lines": [], "start_line": 136}, "scan_file_regex": {"executed_lines": [150, 151, 152, 153, 154, 155, 157, 158, 159, 160, 169], "summary": {"covered_lines": 11, "num_statements": 12, "percent_covered": 91.66666666666667, "percent_covered_display": "92", "missing_lines": 1, "excluded_lines": 0, "percent_statements_covered": 91.66666666666667, "percent_statements_covered_display": "92"}, "missing_lines": [156], "excluded_lines": [], "start_line": 149}, "merge_results": {"executed_lines": [], "summary": {"covered_lines": 0, "num_statements": 14, "percent_covered": 0.0, "percent_covered_display": "0", "missing_lines": 14, "excluded_lines": 0, "percent_statements_covered": 0.0, "percent_statements_covered_display": "0"}, "missing_lines": [173, 177, 178, 179, 180, 181, 183, 184, 185, 186, 187, 188, 189, 190], "excluded_lines": [], "start_line": 172}, "merge_results.key": {"executed_lines": [], "summary": {"covered_lines": 0, "num_statements": 3, "percent_covered": 0.0, "percent_covered_display": "0", "missing_lines": 3, "excluded_lines": 0, "percent_statements_covered": 0.0, "percent_statements_covered_display": "0"}, "missing_lines": [174, 175, 176], "excluded_lines": [], "start_line": 173}, "discover_targets": {"executed_lines": [194, 195, 196, 197, 198, 199, 200, 201], "summary": {"covered_lines": 8, "num_statements": 8, "percent_covered": 100.0, "percent_covered_display": "100", "missing_lines": 0, "excluded_lines": 0, "percent_statements_covered": 100.0, "percent_statements_covered_display": "100"}, "missing_lines": [], "excluded_lines": [], "start_line": 193}, "save_report": {"executed_lines": [], "summary": {"covered_lines": 0, "num_statements": 2, "percent_covered": 0.0, "percent_covered_display": "0", "missing_lines": 2, "excluded_lines": 0, "percent_statements_covered": 0.0, "percent_statements_covered_display": "0"}, "missing_lines": [204, 205], "excluded_lines": [], "start_line": 203}, "main": {"executed_lines": [], "summary": {"covered_lines": 0, "num_statements": 31, "percent_covered": 0.0, "percent_covered_display": "0", "missing_lines": 31, "excluded_lines": 0, "percent_statements_covered": 0.0, "percent_statements_covered_display": "0"}, "missing_lines": [209, 210, 211, 212, 213, 215, 217, 218, 220, 221, 222, 224, 225, 226, 227, 228, 229, 232, 233, 236, 237, 238, 239, 240, 241, 242, 248, 250, 252, 253, 254], "excluded_lines": [], "start_line": 208}, "": {"executed_lines": [2, 3, 5, 6, 9, 17, 19, 20, 25, 44, 50, 57, 63, 85, 98, 118, 136, 149, 172, 193, 203, 208, 256], "summary": {"covered_lines": 23, "num_statements": 24, "percent_covered": 95.83333333333333, "percent_covered_display": "96", "missing_lines": 1, "excluded_lines": 0, "percent_statements_covered": 95.83333333333333, "percent_statements_covered_display": "96"}, "missing_lines": [257], "excluded_lines": [], "start_line": 1}}, "classes": {"TaintVisitor": {"executed_lines": [21, 22, 23, 26, 27, 28, 29, 30, 31, 32, 33, 34, 35, 36, 37, 42, 45, 46, 47, 48, 51, 52, 53, 54, 55, 58, 59, 60, 61, 65, 66, 67, 68, 69, 72, 73, 74, 75, 76, 77, 78, 79, 80, 81, 83], "summary": {"covered_lines": 45, "num_statements": 58, "percent_covered": 77.58620689655173, "percent_covered_display": "78", "missing_lines": 13, "excluded_lines": 0, "percent_statements_covered": 77.58620689655173, "percent_statements_covered_display": "78"}, "missing_lines": [38, 39, 41, 86, 87, 88, 89, 90, 91, 92, 93, 94, 96], "excluded_lines": [], "start_line": 19}, "": {"executed_lines": [2, 3, 5, 6, 9, 17, 19, 20, 25, 44, 50, 57, 63, 85, 98, 118, 119, 120, 134, 136, 137, 138, 147, 149, 150, 151, 152, 153, 154, 155, 157, 158, 159, 160, 169, 172, 193, 194, 195, 196, 197, 198, 199, 200, 201, 203, 208, 256], "summary": {"covered_lines": 48, "num_statements": 126, "percent_covered": 38.095238095238095, "percent_covered_display": "38", "missing_lines": 78, "excluded_lines": 0, "percent_statements_covered": 38.095238095238095, "percent_statements_covered_display": "38"}, "missing_lines": [99, 100, 101, 102, 103, 104, 105, 106, 115, 121, 122, 123, 124, 125, 126, 127, 128, 129, 130, 131, 132, 133, 139, 140, 141, 142, 156, 173, 174, 175, 176, 177, 178, 179, 180, 181, 183, 184, 185, 186, 187, 188, 189, 190, 204, 205, 209, 210, 211, 212, 213, 215, 217, 218, 220, 221, 222, 224, 225, 226, 227, 228, 229, 232, 233, 236, 237, 238, 239, 240, 241, 242, 248, 250, 252, 253, 254, 257], "excluded_lines": [], "start_line": 1}}}, "direct_backend_test.py": {"executed_lines": [], "summary": {"covered_lines": 0, "num_statements": 18, "percent_covered": 0.0, "percent_covered_display": "0", "missing_lines": 18, "excluded_lines": 0, "percent_statements_covered": 0.0, "percent_statements_covered_display": "0"}, "missing_lines": [3, 4, 6, 10, 11, 12, 13, 15, 16, 19, 20, 21, 22, 24, 25, 26, 27, 28], "excluded_lines": [], "functions": {"": {"executed_lines": [], "summary": {"covered_lines": 0, "num_statements": 18, "percent_covered": 0.0, "percent_covered_display": "0", "missing_lines": 18, "excluded_lines": 0, "percent_statements_covered": 0.0, "percent_statements_covered_display": "0"}, "missing_lines": [3, 4, 6, 10, 11, 12, 13, 15, 16, 19, 20, 21, 22, 24, 25, 26, 27, 28], "excluded_lines": [], "start_line": 1}}, "classes": {"": {"executed_lines": [], "summary": {"covered_lines": 0, "num_statements": 18, "percent_covered": 0.0, "percent_covered_display": "0", "missing_lines": 18, "excluded_lines": 0, "percent_statements_covered": 0.0, "percent_statements_covered_display": "0"}, "missing_lines": [3, 4, 6, 10, 11, 12, 13, 15, 16, 19, 20, 21, 22, 24, 25, 26, 27, 28], "excluded_lines": [], "start_line": 1}}}, "direct_test.py": {"executed_lines": [], "summary": {"covered_lines": 0, "num_statements": 31, "percent_covered": 0.0, "percent_covered_display": "0", "missing_lines": 31, "excluded_lines": 0, "percent_statements_covered": 0.0, "percent_statements_covered_display": "0"}, "missing_lines": [3, 4, 7, 11, 12, 13, 16, 17, 18, 19, 21, 22, 23, 26, 27, 29, 31, 33, 34, 35, 36, 37, 38, 40, 41, 42, 43, 45, 46, 47, 48], "excluded_lines": [], "functions": {"": {"executed_lines": [], "summary": {"covered_lines": 0, "num_statements": 31, "percent_covered": 0.0, "percent_covered_display": "0", "missing_lines": 31, "excluded_lines": 0, "percent_statements_covered": 0.0, "percent_statements_covered_display": "0"}, "missing_lines": [3, 4, 7, 11, 12, 13, 16, 17, 18, 19, 21, 22, 23, 26, 27, 29, 31, 33, 34, 35, 36, 37, 38, 40, 41, 42, 43, 45, 46, 47, 48], "excluded_lines": [], "start_line": 1}}, "classes": {"": {"executed_lines": [], "summary": {"covered_lines": 0, "num_statements": 31, "percent_covered": 0.0, "percent_covered_display": "0", "missing_lines": 31, "excluded_lines": 0, "percent_statements_covered": 0.0, "percent_statements_covered_display": "0"}, "missing_lines": [3, 4, 7, 11, 12, 13, 16, 17, 18, 19, 21, 22, 23, 26, 27, 29, 31, 33, 34, 35, 36, 37, 38, 40, 41, 42, 43, 45, 46, 47, 48], "excluded_lines": [], "start_line": 1}}}, "fix_rules.py": {"executed_lines": [], "summary": {"covered_lines": 0, "num_statements": 103, "percent_covered": 0.0, "percent_covered_display": "0", "missing_lines": 103, "excluded_lines": 0, "percent_statements_covered": 0.0, "percent_statements_covered_display": "0"}, "missing_lines": [1, 2, 4, 6, 8, 10, 11, 12, 13, 14, 15, 17, 19, 20, 22, 25, 26, 27, 28, 30, 32, 34, 36, 37, 38, 39, 40, 41, 42, 43, 45, 47, 49, 51, 52, 53, 54, 55, 56, 58, 59, 61, 69, 70, 71, 72, 74, 75, 76, 77, 79, 82, 83, 84, 85, 86, 87, 88, 90, 92, 93, 94, 95, 96, 97, 98, 99, 100, 102, 103, 105, 106, 108, 110, 111, 112, 113, 115, 116, 117, 118, 120, 121, 122, 124, 125, 126, 127, 128, 129, 130, 132, 133, 135, 136, 137, 138, 139, 140, 141, 143, 145, 146], "excluded_lines": [], "functions": {"fix_bad_ranges": {"executed_lines": [], "summary": {"covered_lines": 0, "num_statements": 2, "percent_covered": 0.0, "percent_covered_display": "0", "missing_lines": 2, "excluded_lines": 0, "percent_statements_covered": 0.0, "percent_statements_covered_display": "0"}, "missing_lines": [10, 15], "excluded_lines": [], "start_line": 8}, "fix_bad_ranges.repl": {"executed_lines": [], "summary": {"covered_lines": 0, "num_statements": 4, "percent_covered": 0.0, "percent_covered_display": "0", "missing_lines": 4, "excluded_lines": 0, "percent_statements_covered": 0.0, "percent_statements_covered_display": "0"}, "missing_lines": [11, 12, 13, 14], "excluded_lines": [], "start_line": 10}, "fix_weird_var_placeholder_escapes": {"executed_lines": [], "summary": {"covered_lines": 0, "num_statements": 2, "percent_covered": 0.0, "percent_covered_display": "0", "missing_lines": 2, "excluded_lines": 0, "percent_statements_covered": 0.0, "percent_statements_covered_display": "0"}, "missing_lines": [19, 20], "excluded_lines": [], "start_line": 17}, "fix_unknown_escapes": {"executed_lines": [], "summary": {"covered_lines": 0, "num_statements": 2, "percent_covered": 0.0, "percent_covered_display": "0", "missing_lines": 2, "excluded_lines": 0, "percent_statements_covered": 0.0, "percent_statements_covered_display": "0"}, "missing_lines": [25, 28], "excluded_lines": [], "start_line": 22}, "fix_unknown_escapes.repl": {"executed_lines": [], "summary": {"covered_lines": 0, "num_statements": 2, "percent_covered": 0.0, "percent_covered_display": "0", "missing_lines": 2, "excluded_lines": 0, "percent_statements_covered": 0.0, "percent_statements_covered_display": "0"}, "missing_lines": [26, 27], "excluded_lines": [], "start_line": 25}, "escape_lonely_backslashes": {"executed_lines": [], "summary": {"covered_lines": 0, "num_statements": 1, "percent_covered": 0.0, "percent_covered_display": "0", "missing_lines": 1, "excluded_lines": 0, "percent_statements_covered": 0.0, "percent_statements_covered_display": "0"}, "missing_lines": [32], "excluded_lines": [], "start_line": 30}, "balance_brackets": {"executed_lines": [], "summary": {"covered_lines": 0, "num_statements": 9, "percent_covered": 0.0, "percent_covered_display": "0", "missing_lines": 9, "excluded_lines": 0, "percent_statements_covered": 0.0, "percent_statements_covered_display": "0"}, "missing_lines": [36, 37, 38, 39, 40, 41, 42, 43, 45], "excluded_lines": [], "start_line": 34}, "tidy_spaces": {"executed_lines": [], "summary": {"covered_lines": 0, "num_statements": 1, "percent_covered": 0.0, "percent_covered_display": "0", "missing_lines": 1, "excluded_lines": 0, "percent_statements_covered": 0.0, "percent_statements_covered_display": "0"}, "missing_lines": [49], "excluded_lines": [], "start_line": 47}, "try_compile": {"executed_lines": [], "summary": {"covered_lines": 0, "num_statements": 5, "percent_covered": 0.0, "percent_covered_display": "0", "missing_lines": 5, "excluded_lines": 0, "percent_statements_covered": 0.0, "percent_statements_covered_display": "0"}, "missing_lines": [52, 53, 54, 55, 56], "excluded_lines": [], "start_line": 51}, "auto_fix": {"executed_lines": [], "summary": {"covered_lines": 0, "num_statements": 6, "percent_covered": 0.0, "percent_covered_display": "0", "missing_lines": 6, "excluded_lines": 0, "percent_statements_covered": 0.0, "percent_statements_covered_display": "0"}, "missing_lines": [59, 61, 69, 70, 71, 72], "excluded_lines": [], "start_line": 58}, "process_file": {"executed_lines": [], "summary": {"covered_lines": 0, "num_statements": 26, "percent_covered": 0.0, "percent_covered_display": "0", "missing_lines": 26, "excluded_lines": 0, "percent_statements_covered": 0.0, "percent_statements_covered_display": "0"}, "missing_lines": [75, 76, 77, 79, 82, 83, 84, 85, 86, 87, 88, 90, 92, 93, 94, 95, 96, 97, 98, 99, 100, 102, 103, 105, 106, 108], "excluded_lines": [], "start_line": 74}, "main": {"executed_lines": [], "summary": {"covered_lines": 0, "num_statements": 27, "percent_covered": 0.0, "percent_covered_display": "0", "missing_lines": 27, "excluded_lines": 0, "percent_statements_covered": 0.0, "percent_statements_covered_display": "0"}, "missing_lines": [111, 112, 113, 115, 116, 117, 118, 120, 121, 122, 124, 125, 126, 127, 128, 129, 130, 132, 133, 135, 136, 137, 138, 139, 140, 141, 143], "excluded_lines": [], "start_line": 110}, "": {"executed_lines": [], "summary": {"covered_lines": 0, "num_statements": 16, "percent_covered": 0.0, "percent_covered_display": "0", "missing_lines": 16, "excluded_lines": 0, "percent_statements_covered": 0.0, "percent_statements_covered_display": "0"}, "missing_lines": [1, 2, 4, 6, 8, 17, 22, 30, 34, 47, 51, 58, 74, 110, 145, 146], "excluded_lines": [], "start_line": 1}}, "classes": {"": {"executed_lines": [], "summary": {"covered_lines": 0, "num_statements": 103, "percent_covered": 0.0, "percent_covered_display": "0", "missing_lines": 103, "excluded_lines": 0, "percent_statements_covered": 0.0, "percent_statements_covered_display": "0"}, "missing_lines": [1, 2, 4, 6, 8, 10, 11, 12, 13, 14, 15, 17, 19, 20, 22, 25, 26, 27, 28, 30, 32, 34, 36, 37, 38, 39, 40, 41, 42, 43, 45, 47, 49, 51, 52, 53, 54, 55, 56, 58, 59, 61, 69, 70, 71, 72, 74, 75, 76, 77, 79, 82, 83, 84, 85, 86, 87, 88, 90, 92, 93, 94, 95, 96, 97, 98, 99, 100, 102, 103, 105, 106, 108, 110, 111, 112, 113, 115, 116, 117, 118, 120, 121, 122, 124, 125, 126, 127, 128, 129, 130, 132, 133, 135, 136, 137, 138, 139, 140, 141, 143, 145, 146], "excluded_lines": [], "start_line": 1}}}, "quick_test.py": {"executed_lines": [], "summary": {"covered_lines": 0, "num_statements": 52, "percent_covered": 0.0, "percent_covered_display": "0", "missing_lines": 52, "excluded_lines": 0, "percent_statements_covered": 0.0, "percent_statements_covered_display": "0"}, "missing_lines": [3, 4, 5, 7, 8, 10, 12, 13, 14, 15, 17, 19, 20, 21, 22, 23, 25, 26, 27, 28, 29, 32, 34, 35, 36, 37, 39, 40, 43, 44, 45, 46, 48, 49, 51, 52, 53, 55, 56, 58, 59, 60, 63, 64, 67, 70, 73, 76, 80, 81, 82, 84], "excluded_lines": [], "functions": {"test_transform": {"executed_lines": [], "summary": {"covered_lines": 0, "num_statements": 36, "percent_covered": 0.0, "percent_covered_display": "0", "missing_lines": 36, "excluded_lines": 0, "percent_statements_covered": 0.0, "percent_statements_covered_display": "0"}, "missing_lines": [12, 13, 14, 15, 17, 19, 20, 21, 22, 23, 25, 26, 27, 28, 29, 32, 34, 35, 36, 37, 39, 40, 43, 44, 45, 46, 48, 49, 51, 52, 53, 55, 56, 58, 59, 60], "excluded_lines": [], "start_line": 10}, "": {"executed_lines": [], "summary": {"covered_lines": 0, "num_statements": 16, "percent_covered": 0.0, "percent_covered_display": "0", "missing_lines": 16, "excluded_lines": 0, "percent_statements_covered": 0.0, "percent_statements_covered_display": "0"}, "missing_lines": [3, 4, 5, 7, 8, 10, 63, 64, 67, 70, 73, 76, 80, 81, 82, 84], "excluded_lines": [], "start_line": 1}}, "classes": {"": {"executed_lines": [], "summary": {"covered_lines": 0, "num_statements": 52, "percent_covered": 0.0, "percent_covered_display": "0", "missing_lines": 52, "excluded_lines": 0, "percent_statements_covered": 0.0, "percent_statements_covered_display": "0"}, "missing_lines": [3, 4, 5, 7, 8, 10, 12, 13, 14, 15, 17, 19, 20, 21, 22, 23, 25, 26, 27, 28, 29, 32, 34, 35, 36, 37, 39, 40, 43, 44, 45, 46, 48, 49, 51, 52, 53, 55, 56, 58, 59, 60, 63, 64, 67, 70, 73, 76, 80, 81, 82, 84], "excluded_lines": [], "start_line": 1}}}, "ruleset_test_input.py": {"executed_lines": [], "summary": {"covered_lines": 0, "num_statements": 49, "percent_covered": 0.0, "percent_covered_display": "0", "missing_lines": 49, "excluded_lines": 0, "percent_statements_covered": 0.0, "percent_statements_covered_display": "0"}, "missing_lines": [1, 2, 3, 4, 5, 6, 7, 8, 9, 10, 11, 12, 13, 15, 18, 21, 22, 25, 28, 31, 32, 35, 36, 39, 42, 43, 46, 49, 50, 53, 56, 57, 60, 61, 64, 67, 70, 71, 74, 75, 78, 79, 80, 81, 82, 85, 86, 87, 88], "excluded_lines": [], "functions": {"cookie": {"executed_lines": [], "summary": {"covered_lines": 0, "num_statements": 3, "percent_covered": 0.0, "percent_covered_display": "0", "missing_lines": 3, "excluded_lines": 0, "percent_statements_covered": 0.0, "percent_statements_covered_display": "0"}, "missing_lines": [80, 81, 82], "excluded_lines": [], "start_line": 79}, "apply_cors": {"executed_lines": [], "summary": {"covered_lines": 0, "num_statements": 2, "percent_covered": 0.0, "percent_covered_display": "0", "missing_lines": 2, "excluded_lines": 0, "percent_statements_covered": 0.0, "percent_statements_covered_display": "0"}, "missing_lines": [87, 88], "excluded_lines": [], "start_line": 86}, "": {"executed_lines": [], "summary": {"covered_lines": 0, "num_statements": 44, "percent_covered": 0.0, "percent_covered_display": "0", "missing_lines": 44, "excluded_lines": 0, "percent_statements_covered": 0.0, "percent_statements_covered_display": "0"}, "missing_lines": [1, 2, 3, 4, 5, 6, 7, 8, 9, 10, 11, 12, 13, 15, 18, 21, 22, 25, 28, 31, 32, 35, 36, 39, 42, 43, 46, 49, 50, 53, 56, 57, 60, 61, 64, 67, 70, 71, 74, 75, 78, 79, 85, 86], "excluded_lines": [], "start_line": 1}}, "classes": {"": {"executed_lines": [], "summary": {"covered_lines": 0, "num_statements": 49, "percent_covered": 0.0, "percent_covered_display": "0", "missing_lines": 49, "excluded_lines": 0, "percent_statements_covered": 0.0, "percent_statements_covered_display": "0"}, "missing_lines": [1, 2, 3, 4, 5, 6, 7, 8, 9, 10, 11, 12, 13, 15, 18, 21, 22, 25, 28, 31, 32, 35, 36, 39, 42, 43, 46, 49, 50, 53, 56, 57, 60, 61, 64, 67, 70, 71, 74, 75, 78, 79, 80, 81, 82, 85, 86, 87, 88], "excluded_lines": [], "start_line": 1}}}, "run_complete_tests_with_proof.py": {"executed_lines": [], "summary": {"covered_lines": 0, "num_statements": 77, "percent_covered": 0.0, "percent_covered_display": "0", "missing_lines": 77, "excluded_lines": 0, "percent_statements_covered": 0.0, "percent_statements_covered_display": "0"}, "missing_lines": [6, 7, 8, 9, 10, 11, 12, 14, 16, 19, 20, 21, 24, 26, 39, 40, 41, 42, 43, 44, 45, 48, 55, 56, 57, 58, 60, 62, 63, 66, 67, 70, 84, 85, 86, 87, 88, 89, 98, 99, 100, 102, 103, 104, 105, 106, 107, 108, 110, 111, 112, 116, 117, 120, 121, 122, 125, 153, 154, 162, 433, 434, 437, 438, 439, 442, 443, 444, 445, 446, 447, 448, 449, 451, 453, 454, 455], "excluded_lines": [], "functions": {"run_all_tests_with_proof": {"executed_lines": [], "summary": {"covered_lines": 0, "num_statements": 65, "percent_covered": 0.0, "percent_covered_display": "0", "missing_lines": 65, "excluded_lines": 0, "percent_statements_covered": 0.0, "percent_statements_covered_display": "0"}, "missing_lines": [19, 20, 21, 24, 26, 39, 40, 41, 42, 43, 44, 45, 48, 55, 56, 57, 58, 60, 62, 63, 66, 67, 70, 84, 85, 86, 87, 88, 89, 98, 99, 100, 102, 103, 104, 105, 106, 107, 108, 110, 111, 112, 116, 117, 120, 121, 122, 125, 153, 154, 162, 433, 434, 437, 438, 439, 442, 443, 444, 445, 446, 447, 448, 449, 451], "excluded_lines": [], "start_line": 16}, "": {"executed_lines": [], "summary": {"covered_lines": 0, "num_statements": 12, "percent_covered": 0.0, "percent_covered_display": "0", "missing_lines": 12, "excluded_lines": 0, "percent_statements_covered": 0.0, "percent_statements_covered_display": "0"}, "missing_lines": [6, 7, 8, 9, 10, 11, 12, 14, 16, 453, 454, 455], "excluded_lines": [], "start_line": 1}}, "classes": {"": {"executed_lines": [], "summary": {"covered_lines": 0, "num_statements": 77, "percent_covered": 0.0, "percent_covered_display": "0", "missing_lines": 77, "excluded_lines": 0, "percent_statements_covered": 0.0, "percent_statements_covered_display": "0"}, "missing_lines": [6, 7, 8, 9, 10, 11, 12, 14, 16, 19, 20, 21, 24, 26, 39, 40, 41, 42, 43, 44, 45, 48, 55, 56, 57, 58, 60, 62, 63, 66, 67, 70, 84, 85, 86, 87, 88, 89, 98, 99, 100, 102, 103, 104, 105, 106, 107, 108, 110, 111, 112, 116, 117, 120, 121, 122, 125, 153, 154, 162, 433, 434, 437, 438, 439, 442, 443, 444, 445, 446, 447, 448, 449, 451, 453, 454, 455], "excluded_lines": [], "start_line": 1}}}, "run_master_tests.py": {"executed_lines": [], "summary": {"covered_lines": 0, "num_statements": 75, "percent_covered": 0.0, "percent_covered_display": "0", "missing_lines": 75, "excluded_lines": 0, "percent_statements_covered": 0.0, "percent_statements_covered_display": "0"}, "missing_lines": [6, 7, 8, 9, 11, 12, 13, 14, 16, 18, 19, 20, 21, 23, 24, 32, 33, 34, 35, 37, 38, 39, 41, 43, 44, 45, 46, 47, 48, 50, 52, 54, 55, 56, 57, 60, 64, 67, 71, 74, 76, 78, 79, 80, 81, 83, 84, 86, 87, 89, 90, 91, 93, 94, 95, 97, 98, 99, 100, 101, 102, 104, 105, 106, 107, 108, 109, 111, 112, 113, 115, 117, 118, 120, 121], "excluded_lines": [], "functions": {"MasterRunner.__init__": {"executed_lines": [], "summary": {"covered_lines": 0, "num_statements": 2, "percent_covered": 0.0, "percent_covered_display": "0", "missing_lines": 2, "excluded_lines": 0, "percent_statements_covered": 0.0, "percent_statements_covered_display": "0"}, "missing_lines": [13, 14], "excluded_lines": [], "start_line": 12}, "MasterRunner.run_command": {"executed_lines": [], "summary": {"covered_lines": 0, "num_statements": 20, "percent_covered": 0.0, "percent_covered_display": "0", "missing_lines": 20, "excluded_lines": 0, "percent_statements_covered": 0.0, "percent_statements_covered_display": "0"}, "missing_lines": [18, 19, 20, 21, 23, 24, 32, 33, 34, 35, 37, 38, 39, 41, 43, 44, 45, 46, 47, 48], "excluded_lines": [], "start_line": 16}, "MasterRunner.run_all": {"executed_lines": [], "summary": {"covered_lines": 0, "num_statements": 10, "percent_covered": 0.0, "percent_covered_display": "0", "missing_lines": 10, "excluded_lines": 0, "percent_statements_covered": 0.0, "percent_statements_covered_display": "0"}, "missing_lines": [52, 54, 55, 56, 57, 60, 64, 67, 71, 74], "excluded_lines": [], "start_line": 50}, "MasterRunner.print_final_summary": {"executed_lines": [], "summary": {"covered_lines": 0, "num_statements": 29, "percent_covered": 0.0, "percent_covered_display": "0", "missing_lines": 29, "excluded_lines": 0, "percent_statements_covered": 0.0, "percent_statements_covered_display": "0"}, "missing_lines": [78, 79, 80, 81, 83, 84, 86, 87, 89, 90, 91, 93, 94, 95, 97, 98, 99, 100, 101, 102, 104, 105, 106, 107, 108, 109, 111, 112, 113], "excluded_lines": [], "start_line": 76}, "main": {"executed_lines": [], "summary": {"covered_lines": 0, "num_statements": 2, "percent_covered": 0.0, "percent_covered_display": "0", "missing_lines": 2, "excluded_lines": 0, "percent_statements_covered": 0.0, "percent_statements_covered_display": "0"}, "missing_lines": [117, 118], "excluded_lines": [], "start_line": 115}, "": {"executed_lines": [], "summary": {"covered_lines": 0, "num_statements": 12, "percent_covered": 0.0, "percent_covered_display": "0", "missing_lines": 12, "excluded_lines": 0, "percent_statements_covered": 0.0, "percent_statements_covered_display": "0"}, "missing_lines": [6, 7, 8, 9, 11, 12, 16, 50, 76, 115, 120, 121], "excluded_lines": [], "start_line": 1}}, "classes": {"MasterRunner": {"executed_lines": [], "summary": {"covered_lines": 0, "num_statements": 61, "percent_covered": 0.0, "percent_covered_display": "0", "missing_lines": 61, "excluded_lines": 0, "percent_statements_covered": 0.0, "percent_statements_covered_display": "0"}, "missing_lines": [13, 14, 18, 19, 20, 21, 23, 24, 32, 33, 34, 35, 37, 38, 39, 41, 43, 44, 45, 46, 47, 48, 52, 54, 55, 56, 57, 60, 64, 67, 71, 74, 78, 79, 80, 81, 83, 84, 86, 87, 89, 90, 91, 93, 94, 95, 97, 98, 99, 100, 101, 102, 104, 105, 106, 107, 108, 109, 111, 112, 113], "excluded_lines": [], "start_line": 11}, "": {"executed_lines": [], "summary": {"covered_lines": 0, "num_statements": 14, "percent_covered": 0.0, "percent_covered_display": "0", "missing_lines": 14, "excluded_lines": 0, "percent_statements_covered": 0.0, "percent_statements_covered_display": "0"}, "missing_lines": [6, 7, 8, 9, 11, 12, 16, 50, 76, 115, 117, 118, 120, 121], "excluded_lines": [], "start_line": 1}}}, "tests\\conftest.py": {"executed_lines": [], "summary": {"covered_lines": 0, "num_statements": 0, "percent_covered": 100.0, "percent_covered_display": "100", "missing_lines": 0, "excluded_lines": 0, "percent_statements_covered": 100.0, "percent_statements_covered_display": "100"}, "missing_lines": [], "excluded_lines": [], "functions": {"": {"executed_lines": [], "summary": {"covered_lines": 0, "num_statements": 0, "percent_covered": 100.0, "percent_covered_display": "100", "missing_lines": 0, "excluded_lines": 0, "percent_statements_covered": 100.0, "percent_statements_covered_display": "100"}, "missing_lines": [], "excluded_lines": [], "start_line": 1}}, "classes": {"": {"executed_lines": [], "summary": {"covered_lines": 0, "num_statements": 0, "percent_covered": 100.0, "percent_covered_display": "100", "missing_lines": 0, "excluded_lines": 0, "percent_statements_covered": 100.0, "percent_statements_covered_display": "100"}, "missing_lines": [], "excluded_lines": [], "start_line": 1}}}, "tests\\integration\\test_full_pipeline.py": {"executed_lines": [5, 6, 7, 8, 9, 10, 12, 13, 14, 16, 17, 20, 23, 26, 28, 34, 35, 36, 37, 40, 50, 52, 59, 60, 62, 63, 65, 67, 72, 73, 74, 75, 77, 79, 84, 85, 86, 87, 89, 91, 96, 97, 98, 99, 101, 103, 108, 109, 110, 111, 113, 115, 120, 121, 122, 123, 126, 129, 131, 151, 152, 153, 154, 156, 159, 162, 164, 165, 166, 168, 170, 174, 175, 177, 179, 184, 185, 187, 189, 190, 191, 193, 195, 196, 197, 198, 200, 202, 203, 204, 207, 210, 212, 216, 217, 219, 225, 227, 228, 229, 231, 232, 235, 237, 238, 239, 241, 247, 250, 252, 253, 257, 259, 261, 262, 270, 274, 275, 276, 279, 282, 284, 289, 290, 291, 292, 295, 298, 300, 301, 302, 304, 306, 308, 312, 313, 314, 316, 318, 322, 323, 324, 327], "summary": {"covered_lines": 143, "num_statements": 156, "percent_covered": 91.66666666666667, "percent_covered_display": "92", "missing_lines": 13, "excluded_lines": 0, "percent_statements_covered": 91.66666666666667, "percent_statements_covered_display": "92"}, "missing_lines": [41, 45, 46, 48, 220, 221, 222, 223, 233, 242, 243, 244, 328], "excluded_lines": [], "functions": {"TestEndToEndAnalysis.test_analyze_then_analyze_with_ai": {"executed_lines": [28, 34, 35, 36, 37, 40], "summary": {"covered_lines": 6, "num_statements": 10, "percent_covered": 60.0, "percent_covered_display": "60", "missing_lines": 4, "excluded_lines": 0, "percent_statements_covered": 60.0, "percent_statements_covered_display": "60"}, "missing_lines": [41, 45, 46, 48], "excluded_lines": [], "start_line": 26}, "TestEndToEndAnalysis.test_sql_injection_full_flow": {"executed_lines": [52, 59, 60, 62, 63], "summary": {"covered_lines": 5, "num_statements": 5, "percent_covered": 100.0, "percent_covered_display": "100", "missing_lines": 0, "excluded_lines": 0, "percent_statements_covered": 100.0, "percent_statements_covered_display": "100"}, "missing_lines": [], "excluded_lines": [], "start_line": 50}, "TestEndToEndAnalysis.test_pickle_vulnerability_full_flow": {"executed_lines": [67, 72, 73, 74, 75], "summary": {"covered_lines": 5, "num_statements": 5, "percent_covered": 100.0, "percent_covered_display": "100", "missing_lines": 0, "excluded_lines": 0, "percent_statements_covered": 100.0, "percent_statements_covered_display": "100"}, "missing_lines": [], "excluded_lines": [], "start_line": 65}, "TestEndToEndAnalysis.test_hardcoded_credentials_flow": {"executed_lines": [79, 84, 85, 86, 87], "summary": {"covered_lines": 5, "num_statements": 5, "percent_covered": 100.0, "percent_covered_display": "100", "missing_lines": 0, "excluded_lines": 0, "percent_statements_covered": 100.0, "percent_statements_covered_display": "100"}, "missing_lines": [], "excluded_lines": [], "start_line": 77}, "TestEndToEndAnalysis.test_weak_cryptography_flow": {"executed_lines": [91, 96, 97, 98, 99], "summary": {"covered_lines": 5, "num_statements": 5, "percent_covered": 100.0, "percent_covered_display": "100", "missing_lines": 0, "excluded_lines": 0, "percent_statements_covered": 100.0, "percent_statements_covered_display": "100"}, "missing_lines": [], "excluded_lines": [], "start_line": 89}, "TestEndToEndAnalysis.test_security_misconfiguration_flow": {"executed_lines": [103, 108, 109, 110, 111], "summary": {"covered_lines": 5, "num_statements": 5, "percent_covered": 100.0, "percent_covered_display": "100", "missing_lines": 0, "excluded_lines": 0, "percent_statements_covered": 100.0, "percent_statements_covered_display": "100"}, "missing_lines": [], "excluded_lines": [], "start_line": 101}, "TestEndToEndAnalysis.test_eval_vulnerability_flow": {"executed_lines": [115, 120, 121, 122, 123], "summary": {"covered_lines": 5, "num_statements": 5, "percent_covered": 100.0, "percent_covered_display": "100", "missing_lines": 0, "excluded_lines": 0, "percent_statements_covered": 100.0, "percent_statements_covered_display": "100"}, "missing_lines": [], "excluded_lines": [], "start_line": 113}, "TestMultipleVulnerabilitiesDetection.test_detect_multiple_issues_in_code": {"executed_lines": [131, 151, 152, 153, 154, 156], "summary": {"covered_lines": 6, "num_statements": 6, "percent_covered": 100.0, "percent_covered_display": "100", "missing_lines": 0, "excluded_lines": 0, "percent_statements_covered": 100.0, "percent_statements_covered_display": "100"}, "missing_lines": [], "excluded_lines": [], "start_line": 129}, "TestEdgeCases.test_analyze_very_long_code": {"executed_lines": [164, 165, 166], "summary": {"covered_lines": 3, "num_statements": 3, "percent_covered": 100.0, "percent_covered_display": "100", "missing_lines": 0, "excluded_lines": 0, "percent_statements_covered": 100.0, "percent_statements_covered_display": "100"}, "missing_lines": [], "excluded_lines": [], "start_line": 162}, "TestEdgeCases.test_analyze_special_characters_in_code": {"executed_lines": [170, 174, 175], "summary": {"covered_lines": 3, "num_statements": 3, "percent_covered": 100.0, "percent_covered_display": "100", "missing_lines": 0, "excluded_lines": 0, "percent_statements_covered": 100.0, "percent_statements_covered_display": "100"}, "missing_lines": [], "excluded_lines": [], "start_line": 168}, "TestEdgeCases.test_analyze_unicode_code": {"executed_lines": [179, 184, 185], "summary": {"covered_lines": 3, "num_statements": 3, "percent_covered": 100.0, "percent_covered_display": "100", "missing_lines": 0, "excluded_lines": 0, "percent_statements_covered": 100.0, "percent_statements_covered_display": "100"}, "missing_lines": [], "excluded_lines": [], "start_line": 177}, "TestEdgeCases.test_analyze_malformed_python": {"executed_lines": [189, 190, 191], "summary": {"covered_lines": 3, "num_statements": 3, "percent_covered": 100.0, "percent_covered_display": "100", "missing_lines": 0, "excluded_lines": 0, "percent_statements_covered": 100.0, "percent_statements_covered_display": "100"}, "missing_lines": [], "excluded_lines": [], "start_line": 187}, "TestEdgeCases.test_analyze_empty_code": {"executed_lines": [195, 196, 197, 198], "summary": {"covered_lines": 4, "num_statements": 4, "percent_covered": 100.0, "percent_covered_display": "100", "missing_lines": 0, "excluded_lines": 0, "percent_statements_covered": 100.0, "percent_statements_covered_display": "100"}, "missing_lines": [], "excluded_lines": [], "start_line": 193}, "TestEdgeCases.test_analyze_only_comments": {"executed_lines": [202, 203, 204], "summary": {"covered_lines": 3, "num_statements": 3, "percent_covered": 100.0, "percent_covered_display": "100", "missing_lines": 0, "excluded_lines": 0, "percent_statements_covered": 100.0, "percent_statements_covered_display": "100"}, "missing_lines": [], "excluded_lines": [], "start_line": 200}, "TestResponseConsistency.test_consistent_issue_structure": {"executed_lines": [212, 216, 217, 219], "summary": {"covered_lines": 4, "num_statements": 8, "percent_covered": 50.0, "percent_covered_display": "50", "missing_lines": 4, "excluded_lines": 0, "percent_statements_covered": 50.0, "percent_statements_covered_display": "50"}, "missing_lines": [220, 221, 222, 223], "excluded_lines": [], "start_line": 210}, "TestResponseConsistency.test_severity_levels_valid": {"executed_lines": [227, 228, 229, 231, 232], "summary": {"covered_lines": 5, "num_statements": 6, "percent_covered": 83.33333333333333, "percent_covered_display": "83", "missing_lines": 1, "excluded_lines": 0, "percent_statements_covered": 83.33333333333333, "percent_statements_covered_display": "83"}, "missing_lines": [233], "excluded_lines": [], "start_line": 225}, "TestResponseConsistency.test_line_numbers_positive": {"executed_lines": [237, 238, 239, 241], "summary": {"covered_lines": 4, "num_statements": 7, "percent_covered": 57.142857142857146, "percent_covered_display": "57", "missing_lines": 3, "excluded_lines": 0, "percent_statements_covered": 57.142857142857146, "percent_statements_covered_display": "57"}, "missing_lines": [242, 243, 244], "excluded_lines": [], "start_line": 235}, "TestAIFallback.test_ai_response_with_no_issues": {"executed_lines": [252, 253, 257], "summary": {"covered_lines": 3, "num_statements": 3, "percent_covered": 100.0, "percent_covered_display": "100", "missing_lines": 0, "excluded_lines": 0, "percent_statements_covered": 100.0, "percent_statements_covered_display": "100"}, "missing_lines": [], "excluded_lines": [], "start_line": 250}, "TestAIFallback.test_ai_response_with_multiple_issues": {"executed_lines": [261, 262, 270, 274, 275, 276], "summary": {"covered_lines": 6, "num_statements": 6, "percent_covered": 100.0, "percent_covered_display": "100", "missing_lines": 0, "excluded_lines": 0, "percent_statements_covered": 100.0, "percent_statements_covered_display": "100"}, "missing_lines": [], "excluded_lines": [], "start_line": 259}, "TestDetectPythonFile.test_detect_from_temp_file": {"executed_lines": [284, 289, 290, 291, 292], "summary": {"covered_lines": 5, "num_statements": 5, "percent_covered": 100.0, "percent_covered_display": "100", "missing_lines": 0, "excluded_lines": 0, "percent_statements_covered": 100.0, "percent_statements_covered_display": "100"}, "missing_lines": [], "excluded_lines": [], "start_line": 282}, "TestSecurityCategories.test_injection_category": {"executed_lines": [300, 301, 302, 304], "summary": {"covered_lines": 4, "num_statements": 4, "percent_covered": 100.0, "percent_covered_display": "100", "missing_lines": 0, "excluded_lines": 0, "percent_statements_covered": 100.0, "percent_statements_covered_display": "100"}, "missing_lines": [], "excluded_lines": [], "start_line": 298}, "TestSecurityCategories.test_insecure_data_access": {"executed_lines": [308, 312, 313, 314], "summary": {"covered_lines": 4, "num_statements": 4, "percent_covered": 100.0, "percent_covered_display": "100", "missing_lines": 0, "excluded_lines": 0, "percent_statements_covered": 100.0, "percent_statements_covered_display": "100"}, "missing_lines": [], "excluded_lines": [], "start_line": 306}, "TestSecurityCategories.test_cryptography_failures": {"executed_lines": [318, 322, 323, 324], "summary": {"covered_lines": 4, "num_statements": 4, "percent_covered": 100.0, "percent_covered_display": "100", "missing_lines": 0, "excluded_lines": 0, "percent_statements_covered": 100.0, "percent_statements_covered_display": "100"}, "missing_lines": [], "excluded_lines": [], "start_line": 316}, "": {"executed_lines": [5, 6, 7, 8, 9, 10, 12, 13, 14, 16, 17, 20, 23, 26, 50, 65, 77, 89, 101, 113, 126, 129, 159, 162, 168, 177, 187, 193, 200, 207, 210, 225, 235, 247, 250, 259, 279, 282, 295, 298, 306, 316, 327], "summary": {"covered_lines": 43, "num_statements": 44, "percent_covered": 97.72727272727273, "percent_covered_display": "98", "missing_lines": 1, "excluded_lines": 0, "percent_statements_covered": 97.72727272727273, "percent_statements_covered_display": "98"}, "missing_lines": [328], "excluded_lines": [], "start_line": 1}}, "classes": {"TestEndToEndAnalysis": {"executed_lines": [28, 34, 35, 36, 37, 40, 52, 59, 60, 62, 63, 67, 72, 73, 74, 75, 79, 84, 85, 86, 87, 91, 96, 97, 98, 99, 103, 108, 109, 110, 111, 115, 120, 121, 122, 123], "summary": {"covered_lines": 36, "num_statements": 40, "percent_covered": 90.0, "percent_covered_display": "90", "missing_lines": 4, "excluded_lines": 0, "percent_statements_covered": 90.0, "percent_statements_covered_display": "90"}, "missing_lines": [41, 45, 46, 48], "excluded_lines": [], "start_line": 23}, "TestMultipleVulnerabilitiesDetection": {"executed_lines": [131, 151, 152, 153, 154, 156], "summary": {"covered_lines": 6, "num_statements": 6, "percent_covered": 100.0, "percent_covered_display": "100", "missing_lines": 0, "excluded_lines": 0, "percent_statements_covered": 100.0, "percent_statements_covered_display": "100"}, "missing_lines": [], "excluded_lines": [], "start_line": 126}, "TestEdgeCases": {"executed_lines": [164, 165, 166, 170, 174, 175, 179, 184, 185, 189, 190, 191, 195, 196, 197, 198, 202, 203, 204], "summary": {"covered_lines": 19, "num_statements": 19, "percent_covered": 100.0, "percent_covered_display": "100", "missing_lines": 0, "excluded_lines": 0, "percent_statements_covered": 100.0, "percent_statements_covered_display": "100"}, "missing_lines": [], "excluded_lines": [], "start_line": 159}, "TestResponseConsistency": {"executed_lines": [212, 216, 217, 219, 227, 228, 229, 231, 232, 237, 238, 239, 241], "summary": {"covered_lines": 13, "num_statements": 21, "percent_covered": 61.904761904761905, "percent_covered_display": "62", "missing_lines": 8, "excluded_lines": 0, "percent_statements_covered": 61.904761904761905, "percent_statements_covered_display": "62"}, "missing_lines": [220, 221, 222, 223, 233, 242, 243, 244], "excluded_lines": [], "start_line": 207}, "TestAIFallback": {"executed_lines": [252, 253, 257, 261, 262, 270, 274, 275, 276], "summary": {"covered_lines": 9, "num_statements": 9, "percent_covered": 100.0, "percent_covered_display": "100", "missing_lines": 0, "excluded_lines": 0, "percent_statements_covered": 100.0, "percent_statements_covered_display": "100"}, "missing_lines": [], "excluded_lines": [], "start_line": 247}, "TestDetectPythonFile": {"executed_lines": [284, 289, 290, 291, 292], "summary": {"covered_lines": 5, "num_statements": 5, "percent_covered": 100.0, "percent_covered_display": "100", "missing_lines": 0, "excluded_lines": 0, "percent_statements_covered": 100.0, "percent_statements_covered_display": "100"}, "missing_lines": [], "excluded_lines": [], "start_line": 279}, "TestSecurityCategories": {"executed_lines": [300, 301, 302, 304, 308, 312, 313, 314, 318, 322, 323, 324], "summary": {"covered_lines": 12, "num_statements": 12, "percent_covered": 100.0, "percent_covered_display": "100", "missing_lines": 0, "excluded_lines": 0, "percent_statements_covered": 100.0, "percent_statements_covered_display": "100"}, "missing_lines": [], "excluded_lines": [], "start_line": 295}, "": {"executed_lines": [5, 6, 7, 8, 9, 10, 12, 13, 14, 16, 17, 20, 23, 26, 50, 65, 77, 89, 101, 113, 126, 129, 159, 162, 168, 177, 187, 193, 200, 207, 210, 225, 235, 247, 250, 259, 279, 282, 295, 298, 306, 316, 327], "summary": {"covered_lines": 43, "num_statements": 44, "percent_covered": 97.72727272727273, "percent_covered_display": "98", "missing_lines": 1, "excluded_lines": 0, "percent_statements_covered": 97.72727272727273, "percent_statements_covered_display": "98"}, "missing_lines": [328], "excluded_lines": [], "start_line": 1}}}, "tests\\integration\\test_sample_integration.py": {"executed_lines": [1, 3], "summary": {"covered_lines": 2, "num_statements": 2, "percent_covered": 100.0, "percent_covered_display": "100", "missing_lines": 0, "excluded_lines": 0, "percent_statements_covered": 100.0, "percent_statements_covered_display": "100"}, "missing_lines": [], "excluded_lines": [], "functions": {"test_sample_integration": {"executed_lines": [3], "summary": {"covered_lines": 1, "num_statements": 1, "percent_covered": 100.0, "percent_covered_display": "100", "missing_lines": 0, "excluded_lines": 0, "percent_statements_covered": 100.0, "percent_statements_covered_display": "100"}, "missing_lines": [], "excluded_lines": [], "start_line": 1}, "": {"executed_lines": [1], "summary": {"covered_lines": 1, "num_statements": 1, "percent_covered": 100.0, "percent_covered_display": "100", "missing_lines": 0, "excluded_lines": 0, "percent_statements_covered": 100.0, "percent_statements_covered_display": "100"}, "missing_lines": [], "excluded_lines": [], "start_line": 1}}, "classes": {"": {"executed_lines": [1, 3], "summary": {"covered_lines": 2, "num_statements": 2, "percent_covered": 100.0, "percent_covered_display": "100", "missing_lines": 0, "excluded_lines": 0, "percent_statements_covered": 100.0, "percent_statements_covered_display": "100"}, "missing_lines": [], "excluded_lines": [], "start_line": 1}}}, "tests\\unit\\test_backend_endpoints.py": {"executed_lines": [5, 6, 7, 8, 9, 11, 12, 14, 17, 20, 22, 23, 24, 25, 27, 29, 30, 31, 32, 33, 34, 37, 40, 42, 43, 45, 47, 48, 50, 52, 53, 54, 57, 60, 62, 63, 64, 66, 68, 69, 70, 71, 74, 77, 79, 80, 81, 82, 83, 85, 87, 88, 89, 90, 91, 93, 95, 102, 103, 104, 105, 107, 109, 114, 115, 116, 117, 119, 121, 125, 126, 127, 128, 130, 132, 133, 134, 135, 136, 143, 146, 148, 152, 153, 154, 155, 157, 159, 170, 171, 172, 174, 177, 180, 182, 183, 184, 185, 187, 189, 190, 191, 192, 194, 196, 197, 198, 199, 201, 203, 204, 205, 206, 208, 210, 211, 212, 213, 214, 216, 218, 219, 220, 221, 223, 225, 226, 227, 229, 231, 233, 234, 235, 236, 238, 241], "summary": {"covered_lines": 136, "num_statements": 141, "percent_covered": 96.45390070921985, "percent_covered_display": "96", "missing_lines": 5, "excluded_lines": 0, "percent_statements_covered": 96.45390070921985, "percent_statements_covered_display": "96"}, "missing_lines": [137, 138, 139, 140, 242], "excluded_lines": [], "functions": {"TestVulnerabilityClass.test_vulnerability_init": {"executed_lines": [22, 23, 24, 25], "summary": {"covered_lines": 4, "num_statements": 4, "percent_covered": 100.0, "percent_covered_display": "100", "missing_lines": 0, "excluded_lines": 0, "percent_statements_covered": 100.0, "percent_statements_covered_display": "100"}, "missing_lines": [], "excluded_lines": [], "start_line": 20}, "TestVulnerabilityClass.test_vulnerability_to_dict": {"executed_lines": [29, 30, 31, 32, 33, 34], "summary": {"covered_lines": 6, "num_statements": 6, "percent_covered": 100.0, "percent_covered_display": "100", "missing_lines": 0, "excluded_lines": 0, "percent_statements_covered": 100.0, "percent_statements_covered_display": "100"}, "missing_lines": [], "excluded_lines": [], "start_line": 27}, "TestCodeInputModel.test_code_input_valid": {"executed_lines": [42, 43], "summary": {"covered_lines": 2, "num_statements": 2, "percent_covered": 100.0, "percent_covered_display": "100", "missing_lines": 0, "excluded_lines": 0, "percent_statements_covered": 100.0, "percent_statements_covered_display": "100"}, "missing_lines": [], "excluded_lines": [], "start_line": 40}, "TestCodeInputModel.test_code_input_empty": {"executed_lines": [47, 48], "summary": {"covered_lines": 2, "num_statements": 2, "percent_covered": 100.0, "percent_covered_display": "100", "missing_lines": 0, "excluded_lines": 0, "percent_statements_covered": 100.0, "percent_statements_covered_display": "100"}, "missing_lines": [], "excluded_lines": [], "start_line": 45}, "TestCodeInputModel.test_code_input_multiline": {"executed_lines": [52, 53, 54], "summary": {"covered_lines": 3, "num_statements": 3, "percent_covered": 100.0, "percent_covered_display": "100", "missing_lines": 0, "excluded_lines": 0, "percent_statements_covered": 100.0, "percent_statements_covered_display": "100"}, "missing_lines": [], "excluded_lines": [], "start_line": 50}, "TestAnalysisRequestModel.test_analysis_request_valid": {"executed_lines": [62, 63, 64], "summary": {"covered_lines": 3, "num_statements": 3, "percent_covered": 100.0, "percent_covered_display": "100", "missing_lines": 0, "excluded_lines": 0, "percent_statements_covered": 100.0, "percent_statements_covered_display": "100"}, "missing_lines": [], "excluded_lines": [], "start_line": 60}, "TestAnalysisRequestModel.test_analysis_request_with_issues": {"executed_lines": [68, 69, 70, 71], "summary": {"covered_lines": 4, "num_statements": 4, "percent_covered": 100.0, "percent_covered_display": "100", "missing_lines": 0, "excluded_lines": 0, "percent_statements_covered": 100.0, "percent_statements_covered_display": "100"}, "missing_lines": [], "excluded_lines": [], "start_line": 66}, "TestAnalyzeEndpoint.test_analyze_empty_code": {"executed_lines": [79, 80, 81, 82, 83], "summary": {"covered_lines": 5, "num_statements": 5, "percent_covered": 100.0, "percent_covered_display": "100", "missing_lines": 0, "excluded_lines": 0, "percent_statements_covered": 100.0, "percent_statements_covered_display": "100"}, "missing_lines": [], "excluded_lines": [], "start_line": 77}, "TestAnalyzeEndpoint.test_analyze_secure_code": {"executed_lines": [87, 88, 89, 90, 91], "summary": {"covered_lines": 5, "num_statements": 5, "percent_covered": 100.0, "percent_covered_display": "100", "missing_lines": 0, "excluded_lines": 0, "percent_statements_covered": 100.0, "percent_statements_covered_display": "100"}, "missing_lines": [], "excluded_lines": [], "start_line": 85}, "TestAnalyzeEndpoint.test_analyze_vulnerable_code_sql": {"executed_lines": [95, 102, 103, 104, 105], "summary": {"covered_lines": 5, "num_statements": 5, "percent_covered": 100.0, "percent_covered_display": "100", "missing_lines": 0, "excluded_lines": 0, "percent_statements_covered": 100.0, "percent_statements_covered_display": "100"}, "missing_lines": [], "excluded_lines": [], "start_line": 93}, "TestAnalyzeEndpoint.test_analyze_vulnerable_code_pickle": {"executed_lines": [109, 114, 115, 116, 117], "summary": {"covered_lines": 5, "num_statements": 5, "percent_covered": 100.0, "percent_covered_display": "100", "missing_lines": 0, "excluded_lines": 0, "percent_statements_covered": 100.0, "percent_statements_covered_display": "100"}, "missing_lines": [], "excluded_lines": [], "start_line": 107}, "TestAnalyzeEndpoint.test_analyze_vulnerable_code_eval": {"executed_lines": [121, 125, 126, 127, 128], "summary": {"covered_lines": 5, "num_statements": 5, "percent_covered": 100.0, "percent_covered_display": "100", "missing_lines": 0, "excluded_lines": 0, "percent_statements_covered": 100.0, "percent_statements_covered_display": "100"}, "missing_lines": [], "excluded_lines": [], "start_line": 119}, "TestAnalyzeEndpoint.test_analyze_response_structure": {"executed_lines": [132, 133, 134, 135, 136], "summary": {"covered_lines": 5, "num_statements": 9, "percent_covered": 55.55555555555556, "percent_covered_display": "56", "missing_lines": 4, "excluded_lines": 0, "percent_statements_covered": 55.55555555555556, "percent_statements_covered_display": "56"}, "missing_lines": [137, 138, 139, 140], "excluded_lines": [], "start_line": 130}, "TestAnalyzeWithAIEndpoint.test_analyze_with_ai_valid_request": {"executed_lines": [148, 152, 153, 154, 155], "summary": {"covered_lines": 5, "num_statements": 5, "percent_covered": 100.0, "percent_covered_display": "100", "missing_lines": 0, "excluded_lines": 0, "percent_statements_covered": 100.0, "percent_statements_covered_display": "100"}, "missing_lines": [], "excluded_lines": [], "start_line": 146}, "TestAnalyzeWithAIEndpoint.test
[...]
0, "percent_statements_covered": 100.0, "percent_statements_covered_display": "100"}, "missing_lines": [], "excluded_lines": [], "start_line": 37}, "TestAnalysisRequestModel": {"executed_lines": [62, 63, 64, 68, 69, 70, 71], "summary": {"covered_lines": 7, "num_statements": 7, "percent_covered": 100.0, "percent_covered_display": "100", "missing_lines": 0, "excluded_lines": 0, "percent_statements_covered": 100.0, "percent_statements_covered_display": "100"}, "missing_lines": [], "excluded_lines": [], "start_line": 57}, "TestAnalyzeEndpoint": {"executed_lines": [79, 80, 81, 82, 83, 87, 88, 89, 90, 91, 95, 102, 103, 104, 105, 109, 114, 115, 116, 117, 121, 125, 126, 127, 128, 132, 133, 134, 135, 136], "summary": {"covered_lines": 30, "num_statements": 34, "percent_covered": 88.23529411764706, "percent_covered_display": "88", "missing_lines": 4, "excluded_lines": 0, "percent_statements_covered": 88.23529411764706, "percent_statements_covered_display": "88"}, "missing_lines": [137, 138, 139, 140], "excluded_lines": [], "start_line": 74}, "TestAnalyzeWithAIEndpoint": {"executed_lines": [148, 152, 153, 154, 155, 159, 170, 171, 172, 174], "summary": {"covered_lines": 10, "num_statements": 10, "percent_covered": 100.0, "percent_covered_display": "100", "missing_lines": 0, "excluded_lines": 0, "percent_statements_covered": 100.0, "percent_statements_covered_display": "100"}, "missing_lines": [], "excluded_lines": [], "start_line": 143}, "TestGenerateTemplateResponse": {"executed_lines": [182, 183, 184, 185, 189, 190, 191, 192, 196, 197, 198, 199, 203, 204, 205, 206, 210, 211, 212, 213, 214, 218, 219, 220, 221, 225, 226, 227, 229, 233, 234, 235, 236, 238], "summary": {"covered_lines": 34, "num_statements": 34, "percent_covered": 100.0, "percent_covered_display": "100", "missing_lines": 0, "excluded_lines": 0, "percent_statements_covered": 100.0, "percent_statements_covered_display": "100"}, "missing_lines": [], "excluded_lines": [], "start_line": 177}, "": {"executed_lines": [5, 6, 7, 8, 9, 11, 12, 14, 17, 20, 27, 37, 40, 45, 50, 57, 60, 66, 74, 77, 85, 93, 107, 119, 130, 143, 146, 157, 177, 180, 187, 194, 201, 208, 216, 223, 231, 241], "summary": {"covered_lines": 38, "num_statements": 39, "percent_covered": 97.43589743589743, "percent_covered_display": "97", "missing_lines": 1, "excluded_lines": 0, "percent_statements_covered": 97.43589743589743, "percent_statements_covered_display": "97"}, "missing_lines": [242], "excluded_lines": [], "start_line": 1}}}, "tests\\unit\\test_detect_engine.py": {"executed_lines": [5, 6, 7, 8, 9, 10, 13, 14, 16, 19, 22, 24, 25, 26, 27, 28, 30, 32, 33, 34, 35, 36, 37, 39, 41, 42, 43, 44, 45, 46, 48, 50, 51, 52, 53, 54, 55, 57, 59, 63, 64, 65, 66, 67, 68, 70, 72, 73, 74, 75, 76, 77, 78, 79, 81, 83, 87, 88, 89, 90, 92, 94, 96, 97, 98, 99, 100, 101, 103, 105, 106, 107, 108, 109, 110, 113, 116, 119, 120, 121, 123, 125, 126, 127, 128, 130, 132, 133, 134, 135, 137, 139, 140, 141, 142, 144, 146, 147, 148, 151, 154, 156, 157, 159, 161, 162, 167, 169, 170, 177, 180, 182, 183, 184, 186, 187, 188, 190, 192, 193, 194, 195, 196, 198, 199, 200, 201, 202, 204, 206, 207, 208, 209, 210, 211, 213, 215, 217, 219, 220, 221, 222, 223, 224, 226, 227, 229, 231, 232, 233, 234, 235, 237, 238, 239, 242, 245, 247, 248, 249, 251, 252, 253, 254, 255, 257, 259, 260, 261, 263, 264, 265, 266, 268, 270, 271, 272, 274, 275, 276, 277, 280], "summary": {"covered_lines": 182, "num_statements": 189, "percent_covered": 96.29629629629629, "percent_covered_display": "96", "missing_lines": 7, "excluded_lines": 0, "percent_statements_covered": 96.29629629629629, "percent_statements_covered_display": "96"}, "missing_lines": [163, 164, 165, 171, 172, 174, 281], "excluded_lines": [], "functions": {"TestTaintVisitor.test_taint_visitor_init": {"executed_lines": [24, 25, 26, 27, 28], "summary": {"covered_lines": 5, "num_statements": 5, "percent_covered": 100.0, "percent_covered_display": "100", "missing_lines": 0, "excluded_lines": 0, "percent_statements_covered": 100.0, "percent_statements_covered_display": "100"}, "missing_lines": [], "excluded_lines": [], "start_line": 22}, "TestTaintVisitor.test_detect_input_source": {"executed_lines": [32, 33, 34, 35, 36, 37], "summary": {"covered_lines": 6, "num_statements": 6, "percent_covered": 100.0, "percent_covered_display": "100", "missing_lines": 0, "excluded_lines": 0, "percent_statements_covered": 100.0, "percent_statements_covered_display": "100"}, "missing_lines": [], "excluded_lines": [], "start_line": 30}, "TestTaintVisitor.test_detect_request_args_source": {"executed_lines": [41, 42, 43, 44, 45, 46], "summary": {"covered_lines": 6, "num_statements": 6, "percent_covered": 100.0, "percent_covered_display": "100", "missing_lines": 0, "excluded_lines": 0, "percent_statements_covered": 100.0, "percent_statements_covered_display": "100"}, "missing_lines": [], "excluded_lines": [], "start_line": 39}, "TestTaintVisitor.test_detect_request_form_source": {"executed_lines": [50, 51, 52, 53, 54, 55], "summary": {"covered_lines": 6, "num_statements": 6, "percent_covered": 100.0, "percent_covered_display": "100", "missing_lines": 0, "excluded_lines": 0, "percent_statements_covered": 100.0, "percent_statements_covered_display": "100"}, "missing_lines": [], "excluded_lines": [], "start_line": 48}, "TestTaintVisitor.test_detect_tainted_propagation": {"executed_lines": [59, 63, 64, 65, 66, 67, 68], "summary": {"covered_lines": 7, "num_statements": 7, "percent_covered": 100.0, "percent_covered_display": "100", "missing_lines": 0, "excluded_lines": 0, "percent_statements_covered": 100.0, "percent_statements_covered_display": "100"}, "missing_lines": [], "excluded_lines": [], "start_line": 57}, "TestTaintVisitor.test_detect_debug_true": {"executed_lines": [72, 73, 74, 75, 76, 77, 78, 79], "summary": {"covered_lines": 8, "num_statements": 8, "percent_covered": 100.0, "percent_covered_display": "100", "missing_lines": 0, "excluded_lines": 0, "percent_statements_covered": 100.0, "percent_statements_covered_display": "100"}, "missing_lines": [], "excluded_lines": [], "start_line": 70}, "TestTaintVisitor.test_detect_make_response_with_tainted": {"executed_lines": [83, 87, 88, 89, 90, 92], "summary": {"covered_lines": 6, "num_statements": 6, "percent_covered": 100.0, "percent_covered_display": "100", "missing_lines": 0, "excluded_lines": 0, "percent_statements_covered": 100.0, "percent_statements_covered_display": "100"}, "missing_lines": [], "excluded_lines": [], "start_line": 81}, "TestTaintVisitor.test_no_taint_with_constant": {"executed_lines": [96, 97, 98, 99, 100, 101], "summary": {"covered_lines": 6, "num_statements": 6, "percent_covered": 100.0, "percent_covered_display": "100", "missing_lines": 0, "excluded_lines": 0, "percent_statements_covered": 100.0, "percent_statements_covered_display": "100"}, "missing_lines": [], "excluded_lines": [], "start_line": 94}, "TestTaintVisitor.test_annotated_assignment_with_source": {"executed_lines": [105, 106, 107, 108, 109, 110], "summary": {"covered_lines": 6, "num_statements": 6, "percent_covered": 100.0, "percent_covered_display": "100", "missing_lines": 0, "excluded_lines": 0, "percent_statements_covered": 100.0, "percent_statements_covered_display": "100"}, "missing_lines": [], "excluded_lines": [], "start_line": 103}, "TestScanLine.test_scan_line_no_match": {"executed_lines": [119, 120, 121], "summary": {"covered_lines": 3, "num_statements": 3, "percent_covered": 100.0, "percent_covered_display": "100", "missing_lines": 0, "excluded_lines": 0, "percent_statements_covered": 100.0, "percent_statements_covered_display": "100"}, "missing_lines": [], "excluded_lines": [], "start_line": 116}, "TestScanLine.test_scan_line_sql_injection_pattern": {"executed_lines": [125, 126, 127, 128], "summary": {"covered_lines": 4, "num_statements": 4, "percent_covered": 100.0, "percent_covered_display": "100", "missing_lines": 0, "excluded_lines": 0, "percent_statements_covered": 100.0, "percent_statements_covered_display": "100"}, "missing_lines": [], "excluded_lines": [], "start_line": 123}, "TestScanLine.test_scan_line_pickle_pattern": {"executed_lines": [132, 133, 134, 135], "summary": {"covered_lines": 4, "num_statements": 4, "percent_covered": 100.0, "percent_covered_display": "100", "missing_lines": 0, "excluded_lines": 0, "percent_statements_covered": 100.0, "percent_statements_covered_display": "100"}, "missing_lines": [], "excluded_lines": [], "start_line": 130}, "TestScanLine.test_scan_line_eval_pattern": {"executed_lines": [139, 140, 141, 142], "summary": {"covered_lines": 4, "num_statements": 4, "percent_covered": 100.0, "percent_covered_display": "100", "missing_lines": 0, "excluded_lines": 0, "percent_statements_covered": 100.0, "percent_statements_covered_display": "100"}, "missing_lines": [], "excluded_lines": [], "start_line": 137}, "TestScanLine.test_scan_line_returns_list": {"executed_lines": [146, 147, 148], "summary": {"covered_lines": 3, "num_statements": 3, "percent_covered": 100.0, "percent_covered_display": "100", "missing_lines": 0, "excluded_lines": 0, "percent_statements_covered": 100.0, "percent_statements_covered_display": "100"}, "missing_lines": [], "excluded_lines": [], "start_line": 144}, "TestLoadRules.test_load_rules_returns_list": {"executed_lines": [156, 157], "summary": {"covered_lines": 2, "num_statements": 2, "percent_covered": 100.0, "percent_covered_display": "100", "missing_lines": 0, "excluded_lines": 0, "percent_statements_covered": 100.0, "percent_statements_covered_display": "100"}, "missing_lines": [], "excluded_lines": [], "start_line": 154}, "TestLoadRules.test_load_rules_structure": {"executed_lines": [161, 162], "summary": {"covered_lines": 2, "num_statements": 5, "percent_covered": 40.0, "percent_covered_display": "40", "missing_lines": 3, "excluded_lines": 0, "percent_statements_covered": 40.0, "percent_statements_covered_display": "40"}, "missing_lines": [163, 164, 165], "excluded_lines": [], "start_line": 159}, "TestLoadRules.test_load_rules_compiled_patterns": {"executed_lines": [169, 170], "summary": {"covered_lines": 2, "num_statements": 5, "percent_covered": 40.0, "percent_covered_display": "40", "missing_lines": 3, "excluded_lines": 0, "percent_statements_covered": 40.0, "percent_statements_covered_display": "40"}, "missing_lines": [171, 172, 174], "excluded_lines": [], "start_line": 167}, "TestDiscoverTargets.test_discover_single_file": {"executed_lines": [182, 183, 184, 186, 187, 188], "summary": {"covered_lines": 6, "num_statements": 6, "percent_covered": 100.0, "percent_covered_display": "100", "missing_lines": 0, "excluded_lines": 0, "percent_statements_covered": 100.0, "percent_statements_covered_display": "100"}, "missing_lines": [], "excluded_lines": [], "start_line": 180}, "TestDiscoverTargets.test_discover_multiple_files": {"executed_lines": [192, 193, 194, 195, 196, 198, 199, 200, 201, 202], "summary": {"covered_lines": 10, "num_statements": 10, "percent_covered": 100.0, "percent_covered_display": "100", "missing_lines": 0, "excluded_lines": 0, "percent_statements_covered": 100.0, "percent_statements_covered_display": "100"}, "missing_lines": [], "excluded_lines": [], "start_line": 190}, "TestDiscoverTargets.test_discover_excludes_venv": {"executed_lines": [206, 207, 208, 209, 210, 211, 213, 215], "summary": {"covered_lines": 8, "num_statements": 8, "percent_covered": 100.0, "percent_covered_display": "100", "missing_lines": 0, "excluded_lines": 0, "percent_statements_covered": 100.0, "percent_statements_covered_display": "100"}, "missing_lines": [], "excluded_lines": [], "start_line": 204}, "TestDiscoverTargets.test_discover_excludes_pycache": {"executed_lines": [219, 220, 221, 222, 223, 224, 226, 227], "summary": {"covered_lines": 8, "num_statements": 8, "percent_covered": 100.0, "percent_covered_display": "100", "missing_lines": 0, "excluded_lines": 0, "percent_statements_covered": 100.0, "percent_statements_covered_display": "100"}, "missing_lines": [], "excluded_lines": [], "start_line": 217}, "TestDiscoverTargets.test_discover_nested_directories": {"executed_lines": [231, 232, 233, 234, 235, 237, 238, 239], "summary": {"covered_lines": 8, "num_statements": 8, "percent_covered": 100.0, "percent_covered_display": "100", "missing_lines": 0, "excluded_lines": 0, "percent_statements_covered": 100.0, "percent_statements_covered_display": "100"}, "missing_lines": [], "excluded_lines": [], "start_line": 229}, "TestScanFileRegex.test_scan_file_regex_valid_file": {"executed_lines": [247, 248, 249, 251, 252, 253, 254, 255], "summary": {"covered_lines": 8, "num_statements": 8, "percent_covered": 100.0, "percent_covered_display": "100", "missing_lines": 0, "excluded_lines": 0, "percent_statements_covered": 100.0, "percent_statements_covered_display": "100"}, "missing_lines": [], "excluded_lines": [], "start_line": 245}, "TestScanFileRegex.test_scan_file_regex_vulnerable_code": {"executed_lines": [259, 260, 261, 263, 264, 265, 266], "summary": {"covered_lines": 7, "num_statements": 7, "percent_covered": 100.0, "percent_covered_display": "100", "missing_lines": 0, "excluded_lines": 0, "percent_statements_covered": 100.0, "percent_statements_covered_display": "100"}, "missing_lines": [], "excluded_lines": [], "start_line": 257}, "TestScanFileRegex.test_scan_file_regex_empty_file": {"executed_lines": [270, 271, 272, 274, 275, 276, 277], "summary": {"covered_lines": 7, "num_statements": 7, "percent_covered": 100.0, "percent_covered_display": "100", "missing_lines": 0, "excluded_lines": 0, "percent_statements_covered": 100.0, "percent_statements_covered_display": "100"}, "missing_lines": [], "excluded_lines": [], "start_line": 268}, "": {"executed_lines": [5, 6, 7, 8, 9, 10, 13, 14, 16, 19, 22, 30, 39, 48, 57, 70, 81, 94, 103, 113, 116, 123, 130, 137, 144, 151, 154, 159, 167, 177, 180, 190, 204, 217, 229, 242, 245, 257, 268, 280], "summary": {"covered_lines": 40, "num_statements": 41, "percent_covered": 97.5609756097561, "percent_covered_display": "98", "missing_lines": 1, "excluded_lines": 0, "percent_statements_covered": 97.5609756097561, "percent_statements_covered_display": "98"}, "missing_lines": [281], "excluded_lines": [], "start_line": 1}}, "classes": {"TestTaintVisitor": {"executed_lines": [24, 25, 26, 27, 28, 32, 33, 34, 35, 36, 37, 41, 42, 43, 44, 45, 46, 50, 51, 52, 53, 54, 55, 59, 63, 64, 65, 66, 67, 68, 72, 73, 74, 75, 76, 77, 78, 79, 83, 87, 88, 89, 90, 92, 96, 97, 98, 99, 100, 101, 105, 106, 107, 108, 109, 110], "summary": {"covered_lines": 56, "num_statements": 56, "percent_covered": 100.0, "percent_covered_display": "100", "missing_lines": 0, "excluded_lines": 0, "percent_statements_covered": 100.0, "percent_statements_covered_display": "100"}, "missing_lines": [], "excluded_lines": [], "start_line": 19}, "TestScanLine": {"executed_lines": [119, 120, 121, 125, 126, 127, 128, 132, 133, 134, 135, 139, 140, 141, 142, 146, 147, 148], "summary": {"covered_lines": 18, "num_statements": 18, "percent_covered": 100.0, "percent_covered_display": "100", "missing_lines": 0, "excluded_lines": 0, "percent_statements_covered": 100.0, "percent_statements_covered_display": "100"}, "missing_lines": [], "excluded_lines": [], "start_line": 113}, "TestLoadRules": {"executed_lines": [156, 157, 161, 162, 169, 170], "summary": {"covered_lines": 6, "num_statements": 12, "percent_covered": 50.0, "percent_covered_display": "50", "missing_lines": 6, "excluded_lines": 0, "percent_statements_covered": 50.0, "percent_statements_covered_display": "50"}, "missing_lines": [163, 164, 165, 171, 172, 174], "excluded_lines": [], "start_line": 151}, "TestDiscoverTargets": {"executed_lines": [182, 183, 184, 186, 187, 188, 192, 193, 194, 195, 196, 198, 199, 200, 201, 202, 206, 207, 208, 209, 210, 211, 213, 215, 219, 220, 221, 222, 223, 224, 226, 227, 231, 232, 233, 234, 235, 237, 238, 239], "summary": {"covered_lines": 40, "num_statements": 40, "percent_covered": 100.0, "percent_covered_display": "100", "missing_lines": 0, "excluded_lines": 0, "percent_statements_covered": 100.0, "percent_statements_covered_display": "100"}, "missing_lines": [], "excluded_lines": [], "start_line": 177}, "TestScanFileRegex": {"executed_lines": [247, 248, 249, 251, 252, 253, 254, 255, 259, 260, 261, 263, 264, 265, 266, 270, 271, 272, 274, 275, 276, 277], "summary": {"covered_lines": 22, "num_statements": 22, "percent_covered": 100.0, "percent_covered_display": "100", "missing_lines": 0, "excluded_lines": 0, "percent_statements_covered": 100.0, "percent_statements_covered_display": "100"}, "missing_lines": [], "excluded_lines": [], "start_line": 242}, "": {"executed_lines": [5, 6, 7, 8, 9, 10, 13, 14, 16, 19, 22, 30, 39, 48, 57, 70, 81, 94, 103, 113, 116, 123, 130, 137, 144, 151, 154, 159, 167, 177, 180, 190, 204, 217, 229, 242, 245, 257, 268, 280], "summary": {"covered_lines": 40, "num_statements": 41, "percent_covered": 97.5609756097561, "percent_covered_display": "98", "missing_lines": 1, "excluded_lines": 0, "percent_statements_covered": 97.5609756097561, "percent_statements_covered_display": "98"}, "missing_lines": [281], "excluded_lines": [], "start_line": 1}}}, "tests\\unit\\test_sample.py": {"executed_lines": [1, 2], "summary": {"covered_lines": 2, "num_statements": 2, "percent_covered": 100.0, "percent_covered_display": "100", "missing_lines": 0, "excluded_lines": 0, "percent_statements_covered": 100.0, "percent_statements_covered_display": "100"}, "missing_lines": [], "excluded_lines": [], "functions": {"test_sample_unit": {"executed_lines": [2], "summary": {"covered_lines": 1, "num_statements": 1, "percent_covered": 100.0, "percent_covered_display": "100", "missing_lines": 0, "excluded_lines": 0, "percent_statements_covered": 100.0, "percent_statements_covered_display": "100"}, "missing_lines": [], "excluded_lines": [], "start_line": 1}, "": {"executed_lines": [1], "summary": {"covered_lines": 1, "num_statements": 1, "percent_covered": 100.0, "percent_covered_display": "100", "missing_lines": 0, "excluded_lines": 0, "percent_statements_covered": 100.0, "percent_statements_covered_display": "100"}, "missing_lines": [], "excluded_lines": [], "start_line": 1}}, "classes": {"": {"executed_lines": [1, 2], "summary": {"covered_lines": 2, "num_statements": 2, "percent_covered": 100.0, "percent_covered_display": "100", "missing_lines": 0, "excluded_lines": 0, "percent_statements_covered": 100.0, "percent_statements_covered_display": "100"}, "missing_lines": [], "excluded_lines": [], "start_line": 1}}}, "validate_rules.py": {"executed_lines": [], "summary": {"covered_lines": 0, "num_statements": 22, "percent_covered": 0.0, "percent_covered_display": "0", "missing_lines": 22, "excluded_lines": 0, "percent_statements_covered": 0.0, "percent_statements_covered_display": "0"}, "missing_lines": [1, 3, 4, 6, 7, 8, 9, 10, 11, 12, 13, 14, 15, 16, 17, 18, 19, 20, 22, 23, 25, 26], "excluded_lines": [], "functions": {"": {"executed_lines": [], "summary": {"covered_lines": 0, "num_statements": 22, "percent_covered": 0.0, "percent_covered_display": "0", "missing_lines": 22, "excluded_lines": 0, "percent_statements_covered": 0.0, "percent_statements_covered_display": "0"}, "missing_lines": [1, 3, 4, 6, 7, 8, 9, 10, 11, 12, 13, 14, 15, 16, 17, 18, 19, 20, 22, 23, 25, 26], "excluded_lines": [], "start_line": 1}}, "classes": {"": {"executed_lines": [], "summary": {"covered_lines": 0, "num_statements": 22, "percent_covered": 0.0, "percent_covered_display": "0", "missing_lines": 22, "excluded_lines": 0, "percent_statements_covered": 0.0, "percent_statements_covered_display": "0"}, "missing_lines": [1, 3, 4, 6, 7, 8, 9, 10, 11, 12, 13, 14, 15, 16, 17, 18, 19, 20, 22, 23, 25, 26], "excluded_lines": [], "start_line": 1}}}}, "totals": {"covered_lines": 702, "num_statements": 1678, "percent_covered": 41.835518474374254, "percent_covered_display": "42", "missing_lines": 976, "excluded_lines": 0, "percent_statements_covered": 41.835518474374254, "percent_statements_covered_display": "42"}}